2024-06-22 12:06:188 INFO  HomePage :32 - Clicking on login link : [[ChromeDriver: chrome on windows (441a522b35035421ab8cd113d4365d81)] -> link text: Log in]
2024-06-22 12:06:244 INFO  LoginPage :39 - Getting text from : [[ChromeDriver: chrome on windows (441a522b35035421ab8cd113d4365d81)] -> xpath: //h1[contains(text(),'Welcome, Please Sign In!')]]
2024-06-22 12:06:662 INFO  HomePage :32 - Clicking on login link : [[ChromeDriver: chrome on windows (3a57cd5a0c528dc610523d99ab2f7f79)] -> link text: Log in]
2024-06-22 12:06:702 INFO  LoginPage :39 - Getting text from : [[ChromeDriver: chrome on windows (3a57cd5a0c528dc610523d99ab2f7f79)] -> xpath: //h1[contains(text(),'Welcome, Please Sign In!')]]
2024-06-22 12:06:208 INFO  HomePage :32 - Clicking on login link : [[ChromeDriver: chrome on windows (0083ac087270868d8b8aec0291628d65)] -> link text: Log in]
2024-06-22 12:06:483 INFO  HomePage :32 - Clicking on login link : [[ChromeDriver: chrome on windows (6234aef96823986f0fabb55819177bbe)] -> link text: Log in]
2024-06-22 12:06:533 INFO  LoginPage :39 - Getting text from : [[ChromeDriver: chrome on windows (6234aef96823986f0fabb55819177bbe)] -> xpath: //h1[contains(text(),'Welcome, Please Sign In!')]]
2024-06-22 12:06:539 INFO  HomePage :32 - Clicking on login link : [[ChromeDriver: chrome on windows (85d862ebb67a4c299b7d0710dab70c9a)] -> link text: Log in]
2024-06-22 12:06:602 INFO  HomePage :32 - Clicking on login link : [[ChromeDriver: chrome on windows (02cb39743755a1b9c5f01ae9c3606d38)] -> link text: Log in]
2024-06-22 12:06:79 INFO  HomePage :32 - Clicking on login link : [[ChromeDriver: chrome on windows (aedbc845372c40c324380bef25b1c758)] -> link text: Log in]
2024-06-22 12:06:880 INFO  HomePage :32 - Clicking on login link : [[ChromeDriver: chrome on windows (f10789e79b753f1616b07f4da4367dec)] -> link text: Log in]
2024-06-22 12:06:330 INFO  HomePage :32 - Clicking on login link : [[ChromeDriver: chrome on windows (ffe11552f7ae4ff42a2e1adbfdb8f370)] -> link text: Log in]
2024-06-22 13:06:192 INFO  HomePage :32 - Clicking on login link : [[ChromeDriver: chrome on windows (f6950468e4e041f712ecd8c5de03ad82)] -> link text: Log in]
2024-06-22 13:06:248 INFO  LoginPage :39 - Getting text from : [[ChromeDriver: chrome on windows (f6950468e4e041f712ecd8c5de03ad82)] -> xpath: //h1[contains(text(),'Welcome, Please Sign In!')]]
2024-06-22 13:06:403 INFO  HomePage :32 - Clicking on login link : [[ChromeDriver: chrome on windows (4b3a5b5d54d790c35b9d4d87947dfe8e)] -> link text: Log in]
2024-06-22 13:06:437 INFO  LoginPage :39 - Getting text from : [[ChromeDriver: chrome on windows (4b3a5b5d54d790c35b9d4d87947dfe8e)] -> xpath: //h1[contains(text(),'Welcome, Please Sign In!')]]
2024-06-22 13:06:439 WARN  FileSystemFontProvider :607 - New fonts found, font cache will be re-built
2024-06-22 13:06:439 WARN  FileSystemFontProvider :360 - Building on-disk font cache, this may take a while
2024-06-22 13:06:868 WARN  FileSystemFontProvider :363 - Finished building on-disk font cache, found 371 fonts
2024-06-22 14:06:949 INFO  HomePage :32 - Clicking on login link : [[ChromeDriver: chrome on windows (c44d155fef4037aaee90ba8158c6672f)] -> link text: Log in]
2024-06-22 14:06:05 INFO  LoginPage :39 - Getting text from : [[ChromeDriver: chrome on windows (c44d155fef4037aaee90ba8158c6672f)] -> xpath: //h1[contains(text(),'Welcome, Please Sign In!')]]
2024-06-22 14:06:919 INFO  HomePage :32 - Clicking on login link : [[ChromeDriver: chrome on windows (b551aedfeb3900ddb696d3b07e8e944a)] -> link text: Log in]
2024-06-22 14:06:199 INFO  HomePage :32 - Clicking on login link : [[ChromeDriver: chrome on windows (b69384b599b1025325bc37b83b1c59f7)] -> link text: Log in]
2024-06-22 14:06:262 INFO  LoginPage :39 - Getting text from : [[ChromeDriver: chrome on windows (b69384b599b1025325bc37b83b1c59f7)] -> xpath: //h1[contains(text(),'Welcome, Please Sign In!')]]
2024-06-22 14:06:836 INFO  HomePage :32 - Clicking on login link : [[ChromeDriver: chrome on windows (0b7e913c57ffc11d9c8bf9bd5fdb7631)] -> link text: Log in]
2024-06-22 14:06:632 INFO  HomePage :32 - Clicking on login link : [[ChromeDriver: chrome on windows (706b5042f188b230dfdf8175f1a55e87)] -> link text: Log in]
2024-06-22 14:06:665 INFO  LoginPage :39 - Getting text from : [[ChromeDriver: chrome on windows (706b5042f188b230dfdf8175f1a55e87)] -> xpath: //h1[contains(text(),'Welcome, Please Sign In!')]]
2024-06-22 14:06:56 INFO  HomePage :32 - Clicking on login link : [[ChromeDriver: chrome on windows (c8e9fe865df7f1abd2a91e4b2b1ebf1b)] -> link text: Log in]
2024-06-22 14:06:516 INFO  HomePage :32 - Clicking on login link : [[ChromeDriver: chrome on windows (6ef635ef7d408041d807bede546effeb)] -> link text: Log in]
2024-06-22 14:06:575 INFO  LoginPage :39 - Getting text from : [[ChromeDriver: chrome on windows (6ef635ef7d408041d807bede546effeb)] -> xpath: //h1[contains(text(),'Welcome, Please Sign In!')]]
2024-06-22 14:06:873 INFO  HomePage :32 - Clicking on login link : [[ChromeDriver: chrome on windows (b228ba8c69ccdc152903d5a472001061)] -> link text: Log in]
2024-06-22 14:06:913 INFO  HomePage :32 - Clicking on login link : [[ChromeDriver: chrome on windows (dcee0daac68f278661a5aadda1dbf2ae)] -> link text: Log in]
2024-06-22 14:06:978 INFO  LoginPage :39 - Getting text from : [[ChromeDriver: chrome on windows (dcee0daac68f278661a5aadda1dbf2ae)] -> xpath: //h1[contains(text(),'Welcome, Please Sign In!')]]
2024-06-22 14:06:366 INFO  HomePage :32 - Clicking on login link : [[ChromeDriver: chrome on windows (08f3d64832df2034209cdc6603c66349)] -> link text: Log in]
2024-06-22 14:06:868 INFO  HomePage :32 - Clicking on login link : [[ChromeDriver: chrome on windows (21d95e57783e2c360c3f072c8b31fc0b)] -> link text: Log in]
2024-06-22 14:06:918 INFO  LoginPage :39 - Getting text from : [[ChromeDriver: chrome on windows (21d95e57783e2c360c3f072c8b31fc0b)] -> xpath: //h1[contains(text(),'Welcome, Please Sign In!')]]
2024-06-22 14:06:665 INFO  HomePage :32 - Clicking on login link : [[ChromeDriver: chrome on windows (6c43e6d1ae8e0848d8b9bf6686e49afb)] -> link text: Log in]
2024-06-22 15:06:115 INFO  HomePage :32 - Clicking on login link : [[ChromeDriver: chrome on windows (691a8f2437902a295fedf79b1b9a323f)] -> link text: Log in]
2024-06-22 15:06:187 INFO  LoginPage :39 - Getting text from : [[ChromeDriver: chrome on windows (691a8f2437902a295fedf79b1b9a323f)] -> xpath: //h1[contains(text(),'Welcome, Please Sign In!')]]
2024-06-22 15:06:371 INFO  HomePage :32 - Clicking on login link : [[ChromeDriver: chrome on windows (7469733d2e62f8bb9d6f346d9af79a9a)] -> link text: Log in]
2024-06-22 15:06:175 INFO  HomePage :32 - Clicking on login link : [[ChromeDriver: chrome on windows (2485844a5f1beef29fa6fb551860b79b)] -> link text: Log in]
2024-06-22 15:06:223 INFO  LoginPage :39 - Getting text from : [[ChromeDriver: chrome on windows (2485844a5f1beef29fa6fb551860b79b)] -> xpath: //h1[contains(text(),'Welcome, Please Sign In!')]]
2024-06-22 15:06:65 INFO  HomePage :32 - Clicking on login link : [[ChromeDriver: chrome on windows (cc650f8709f19ba9bde433509389c045)] -> link text: Log in]
2024-06-22 15:06:397 WARN  FileSystemFontProvider :607 - New fonts found, font cache will be re-built
2024-06-22 15:06:397 WARN  FileSystemFontProvider :360 - Building on-disk font cache, this may take a while
2024-06-22 15:06:129 WARN  FileSystemFontProvider :363 - Finished building on-disk font cache, found 371 fonts
2024-06-22 15:06:599 INFO  HomePage :32 - Clicking on login link : [[ChromeDriver: chrome on windows (6a545d4dbb6ce55006afae3bebc94205)] -> link text: Log in]
2024-06-22 15:06:645 INFO  LoginPage :39 - Getting text from : [[ChromeDriver: chrome on windows (6a545d4dbb6ce55006afae3bebc94205)] -> xpath: //h1[contains(text(),'Welcome, Please Sign In!')]]
2024-06-22 15:06:497 INFO  HomePage :32 - Clicking on login link : [[ChromeDriver: chrome on windows (1230e0213d91ab27d2270b220aa3bb51)] -> link text: Log in]
2024-06-22 15:06:235 INFO  HomePage :32 - Clicking on login link : [[ChromeDriver: chrome on windows (1918a17f6201c0be1accc0b0e687158b)] -> link text: Log in]
2024-06-22 15:06:303 INFO  LoginPage :39 - Getting text from : [[ChromeDriver: chrome on windows (1918a17f6201c0be1accc0b0e687158b)] -> xpath: //h1[contains(text(),'Welcome, Please Sign In!')]]
2024-06-22 15:06:279 INFO  HomePage :32 - Clicking on login link : [[ChromeDriver: chrome on windows (85cd7598de16f4f0a9cf7c71361fc446)] -> link text: Log in]
2024-06-22 15:06:63 INFO  HomePage :32 - Clicking on login link : [[ChromeDriver: chrome on windows (4216f597066af2d2c7dd133985a3dfea)] -> link text: Log in]
2024-06-22 15:06:130 INFO  LoginPage :39 - Getting text from : [[ChromeDriver: chrome on windows (4216f597066af2d2c7dd133985a3dfea)] -> xpath: //h1[contains(text(),'Welcome, Please Sign In!')]]
2024-06-22 15:06:628 INFO  HomePage :32 - Clicking on login link : [[ChromeDriver: chrome on windows (4be50076a58a9b1d4c38516604b69f28)] -> link text: Log in]
2024-06-22 15:06:01 INFO  HomePage :32 - Clicking on login link : [[ChromeDriver: chrome on windows (641fa305be0189a05a7df58e3baa109c)] -> link text: Log in]
2024-06-22 15:06:84 INFO  LoginPage :39 - Getting text from : [[ChromeDriver: chrome on windows (641fa305be0189a05a7df58e3baa109c)] -> xpath: //h1[contains(text(),'Welcome, Please Sign In!')]]
2024-06-22 15:06:952 INFO  HomePage :32 - Clicking on login link : [[ChromeDriver: chrome on windows (7d94eec43ce6d4dfbf1d6ef437b0397e)] -> link text: Log in]
2024-06-22 15:06:995 INFO  HomePage :32 - Clicking on login link : [[ChromeDriver: chrome on windows (0d0cda9efff8862b00f0be1c85d32bee)] -> link text: Log in]
2024-06-22 15:06:42 INFO  LoginPage :39 - Getting text from : [[ChromeDriver: chrome on windows (0d0cda9efff8862b00f0be1c85d32bee)] -> xpath: //h1[contains(text(),'Welcome, Please Sign In!')]]
2024-06-22 15:06:27 INFO  HomePage :32 - Clicking on login link : [[ChromeDriver: chrome on windows (12b3abcf2d248d8e0fc028ab33e382d4)] -> link text: Log in]
2024-06-22 16:06:969 INFO  HomePage :32 - Clicking on login link : [[ChromeDriver: chrome on windows (8fc13d52591d25bd89421c4bb214e03d)] -> link text: Log in]
2024-06-22 16:06:29 INFO  LoginPage :39 - Getting text from : [[ChromeDriver: chrome on windows (8fc13d52591d25bd89421c4bb214e03d)] -> xpath: //h1[contains(text(),'Welcome, Please Sign In!')]]
2024-06-22 16:06:664 INFO  HomePage :32 - Clicking on login link : [[ChromeDriver: chrome on windows (7e1a9d78d0f225ce029197a1f1fbe51a)] -> link text: Log in]
2024-06-22 16:06:285 INFO  HomePage :32 - Clicking on login link : [[ChromeDriver: chrome on windows (c0554ea540df8c40d60a2b57efa884d7)] -> link text: Log in]
2024-06-22 16:06:345 INFO  LoginPage :39 - Getting text from : [[ChromeDriver: chrome on windows (c0554ea540df8c40d60a2b57efa884d7)] -> xpath: //h1[contains(text(),'Welcome, Please Sign In!')]]
2024-06-22 16:06:681 INFO  HomePage :32 - Clicking on login link : [[ChromeDriver: chrome on windows (45dbd948a47c890d72221491200e20a0)] -> link text: Log in]
2024-06-22 19:06:161 INFO  HomePage :32 - Clicking on login link : [[ChromeDriver: chrome on windows (b78102f3dfa46c3dc4a22abc83ffb6d5)] -> link text: Log in]
2024-06-22 19:06:205 INFO  LoginPage :43 - Getting text from : [[ChromeDriver: chrome on windows (b78102f3dfa46c3dc4a22abc83ffb6d5)] -> xpath: //h1[contains(text(),'Welcome, Please Sign In!')]]
2024-06-22 19:06:170 INFO  HomePage :32 - Clicking on login link : [[ChromeDriver: chrome on windows (e14c61c06864387a38ea0d40de233475)] -> link text: Log in]
2024-06-22 19:06:468 INFO  HomePage :32 - Clicking on login link : [[ChromeDriver: chrome on windows (6a6bae68e44c749ce8f3b965a4e602fb)] -> link text: Log in]
2024-06-22 19:06:148 INFO  HomePage :32 - Clicking on login link : [[ChromeDriver: chrome on windows (2aaebad353db35123b2f3f63d18e8cde)] -> link text: Log in]
2024-06-22 19:06:127 INFO  HomePage :32 - Clicking on login link : [[ChromeDriver: chrome on windows (43427ee70348f91e62742ac273d5c549)] -> link text: Log in]
2024-06-22 19:06:178 INFO  LoginPage :43 - Getting text from : [[ChromeDriver: chrome on windows (43427ee70348f91e62742ac273d5c549)] -> xpath: //h1[contains(text(),'Welcome, Please Sign In!')]]
2024-06-22 19:06:666 INFO  HomePage :32 - Clicking on login link : [[ChromeDriver: chrome on windows (31ad1edf06ce9d3e37c3bf5d30d31845)] -> link text: Log in]
2024-06-22 19:06:773 INFO  LoginPage :49 - Enter EmailField : [[ChromeDriver: chrome on windows (31ad1edf06ce9d3e37c3bf5d30d31845)] -> id: Email]
2024-06-22 19:06:833 INFO  LoginPage :54 - Enter PassWordField : [[ChromeDriver: chrome on windows (31ad1edf06ce9d3e37c3bf5d30d31845)] -> name: Password]
2024-06-22 19:06:115 INFO  LoginPage :59 - Clicking on login link : [[ChromeDriver: chrome on windows (31ad1edf06ce9d3e37c3bf5d30d31845)] -> xpath: //button[contains(text(),'Log in')]]
2024-06-22 19:06:240 INFO  LoginPage :63 - Getting error message from : [[ChromeDriver: chrome on windows (31ad1edf06ce9d3e37c3bf5d30d31845)] -> xpath: //div[@class='message-error validation-summary-errors']]
2024-06-22 19:06:581 INFO  HomePage :32 - Clicking on login link : [[ChromeDriver: chrome on windows (0a85ee2771230dacc185e49e22c681c8)] -> link text: Log in]
2024-06-22 19:06:705 INFO  LoginPage :49 - Enter EmailField : [[ChromeDriver: chrome on windows (0a85ee2771230dacc185e49e22c681c8)] -> id: Email]
2024-06-22 19:06:764 INFO  LoginPage :54 - Enter PassWordField : [[ChromeDriver: chrome on windows (0a85ee2771230dacc185e49e22c681c8)] -> name: Password]
2024-06-22 19:06:84 INFO  LoginPage :59 - Clicking on login link : [[ChromeDriver: chrome on windows (0a85ee2771230dacc185e49e22c681c8)] -> xpath: //button[contains(text(),'Log in')]]
2024-06-22 19:06:191 INFO  LoginPage :63 - Getting error message from : [[ChromeDriver: chrome on windows (0a85ee2771230dacc185e49e22c681c8)] -> xpath: //div[@class='message-error validation-summary-errors']]
2024-06-22 19:06:520 INFO  HomePage :32 - Clicking on login link : [[ChromeDriver: chrome on windows (b3ab00ba11e01ac75b7cbe5bd2e190ec)] -> link text: Log in]
2024-06-22 19:06:627 INFO  LoginPage :49 - Enter EmailField : [[ChromeDriver: chrome on windows (b3ab00ba11e01ac75b7cbe5bd2e190ec)] -> id: Email]
2024-06-22 19:06:693 INFO  LoginPage :54 - Enter PassWordField : [[ChromeDriver: chrome on windows (b3ab00ba11e01ac75b7cbe5bd2e190ec)] -> name: Password]
2024-06-22 19:06:964 INFO  LoginPage :59 - Clicking on login link : [[ChromeDriver: chrome on windows (b3ab00ba11e01ac75b7cbe5bd2e190ec)] -> xpath: //button[contains(text(),'Log in')]]
2024-06-22 19:06:04 INFO  LoginPage :63 - Getting error message from : [[ChromeDriver: chrome on windows (b3ab00ba11e01ac75b7cbe5bd2e190ec)] -> xpath: //div[@class='message-error validation-summary-errors']]
2024-06-22 20:06:33 INFO  HomePage :32 - Clicking on login link : [[ChromeDriver: chrome on windows (6877a7b0d0acacbf66a89e944519c3ae)] -> link text: Log in]
2024-06-22 20:06:96 INFO  LoginPage :43 - Getting text from : [[ChromeDriver: chrome on windows (6877a7b0d0acacbf66a89e944519c3ae)] -> xpath: //h1[contains(text(),'Welcome, Please Sign In!')]]
2024-06-22 20:06:542 INFO  HomePage :32 - Clicking on login link : [[ChromeDriver: chrome on windows (65343dd14235ed931dbc71dffbf2c3d4)] -> link text: Log in]
2024-06-22 20:06:601 INFO  LoginPage :49 - Enter EmailField : [[ChromeDriver: chrome on windows (65343dd14235ed931dbc71dffbf2c3d4)] -> id: Email]
2024-06-22 20:06:666 INFO  LoginPage :54 - Enter PassWordField : [[ChromeDriver: chrome on windows (65343dd14235ed931dbc71dffbf2c3d4)] -> name: Password]
2024-06-22 20:06:77 INFO  LoginPage :59 - Clicking on login link : [[ChromeDriver: chrome on windows (65343dd14235ed931dbc71dffbf2c3d4)] -> xpath: //button[contains(text(),'Log in')]]
2024-06-22 20:06:97 INFO  LoginPage :63 - Getting error message from : [[ChromeDriver: chrome on windows (65343dd14235ed931dbc71dffbf2c3d4)] -> xpath: //div[@class='message-error validation-summary-errors']]
2024-06-22 20:06:415 INFO  HomePage :32 - Clicking on login link : [[ChromeDriver: chrome on windows (ccfd90abf6cc66665939f1d7e375a28c)] -> link text: Log in]
2024-06-22 20:06:549 INFO  LoginPage :49 - Enter EmailField : [[ChromeDriver: chrome on windows (ccfd90abf6cc66665939f1d7e375a28c)] -> id: Email]
2024-06-22 20:06:635 INFO  LoginPage :54 - Enter PassWordField : [[ChromeDriver: chrome on windows (ccfd90abf6cc66665939f1d7e375a28c)] -> name: Password]
2024-06-22 20:06:947 INFO  LoginPage :59 - Clicking on login link : [[ChromeDriver: chrome on windows (ccfd90abf6cc66665939f1d7e375a28c)] -> xpath: //button[contains(text(),'Log in')]]
2024-06-22 20:06:47 INFO  LoginPage :63 - Getting error message from : [[ChromeDriver: chrome on windows (ccfd90abf6cc66665939f1d7e375a28c)] -> xpath: //div[@class='message-error validation-summary-errors']]
2024-06-22 20:06:385 INFO  HomePage :32 - Clicking on login link : [[ChromeDriver: chrome on windows (d082e1b3b37589c403a9854c83d9564b)] -> link text: Log in]
2024-06-22 20:06:562 INFO  LoginPage :49 - Enter EmailField : [[ChromeDriver: chrome on windows (d082e1b3b37589c403a9854c83d9564b)] -> id: Email]
2024-06-22 20:06:645 INFO  LoginPage :54 - Enter PassWordField : [[ChromeDriver: chrome on windows (d082e1b3b37589c403a9854c83d9564b)] -> name: Password]
2024-06-22 20:06:129 INFO  LoginPage :59 - Clicking on login link : [[ChromeDriver: chrome on windows (d082e1b3b37589c403a9854c83d9564b)] -> xpath: //button[contains(text(),'Log in')]]
2024-06-22 20:06:164 INFO  LoginPage :63 - Getting error message from : [[ChromeDriver: chrome on windows (d082e1b3b37589c403a9854c83d9564b)] -> xpath: //div[@class='message-error validation-summary-errors']]
2024-06-22 20:06:829 INFO  HomePage :32 - Clicking on login link : [[ChromeDriver: chrome on windows (b78918ce4c7286657ba01ae995a395e8)] -> link text: Log in]
2024-06-22 20:06:956 INFO  LoginPage :49 - Enter EmailField : [[ChromeDriver: chrome on windows (b78918ce4c7286657ba01ae995a395e8)] -> id: Email]
2024-06-22 20:06:69 INFO  LoginPage :54 - Enter PassWordField : [[ChromeDriver: chrome on windows (b78918ce4c7286657ba01ae995a395e8)] -> name: Password]
2024-06-22 20:06:773 INFO  LoginPage :59 - Clicking on login link : [[ChromeDriver: chrome on windows (b78918ce4c7286657ba01ae995a395e8)] -> xpath: //button[contains(text(),'Log in')]]
2024-06-22 20:06:799 INFO  LoginPage :69 - Getting text from : [[ChromeDriver: chrome on windows (b78918ce4c7286657ba01ae995a395e8)] -> xpath: //a[normalize-space()='Log out']]
2024-06-22 20:06:551 INFO  HomePage :35 - Clicking on login link : [[ChromeDriver: chrome on windows (c84965c6edfae07eb8a859335e30ab19)] -> link text: Log in]
2024-06-22 20:06:690 INFO  LoginPage :49 - Enter EmailField : [[ChromeDriver: chrome on windows (c84965c6edfae07eb8a859335e30ab19)] -> id: Email]
2024-06-22 20:06:778 INFO  LoginPage :54 - Enter PassWordField : [[ChromeDriver: chrome on windows (c84965c6edfae07eb8a859335e30ab19)] -> name: Password]
2024-06-22 20:06:539 INFO  LoginPage :59 - Clicking on login link : [[ChromeDriver: chrome on windows (c84965c6edfae07eb8a859335e30ab19)] -> xpath: //button[contains(text(),'Log in')]]
2024-06-22 20:06:575 INFO  LoginPage :69 - Getting text from : [[ChromeDriver: chrome on windows (c84965c6edfae07eb8a859335e30ab19)] -> xpath: //a[normalize-space()='Log out']]
2024-06-22 20:06:812 INFO  HomePage :35 - Clicking on login link : [[ChromeDriver: chrome on windows (1ecfeccaeda6645677c051fa4366ca17)] -> link text: Log in]
2024-06-22 20:06:938 INFO  LoginPage :49 - Enter EmailField : [[ChromeDriver: chrome on windows (1ecfeccaeda6645677c051fa4366ca17)] -> id: Email]
2024-06-22 20:06:47 INFO  LoginPage :54 - Enter PassWordField : [[ChromeDriver: chrome on windows (1ecfeccaeda6645677c051fa4366ca17)] -> name: Password]
2024-06-22 20:06:796 INFO  LoginPage :59 - Clicking on login link : [[ChromeDriver: chrome on windows (1ecfeccaeda6645677c051fa4366ca17)] -> xpath: //button[contains(text(),'Log in')]]
2024-06-22 20:06:173 INFO  HomePage :35 - Clicking on login link : [[ChromeDriver: chrome on windows (2305286e09927094d69603929b754696)] -> link text: Log in]
2024-06-22 20:06:214 INFO  LoginPage :43 - Getting text from : [[ChromeDriver: chrome on windows (2305286e09927094d69603929b754696)] -> xpath: //h1[contains(text(),'Welcome, Please Sign In!')]]
2024-06-22 20:06:123 INFO  HomePage :35 - Clicking on login link : [[ChromeDriver: chrome on windows (453d5b018f93e1b07e3825b8a7833b8d)] -> link text: Log in]
2024-06-22 20:06:248 INFO  LoginPage :49 - Enter EmailField : [[ChromeDriver: chrome on windows (453d5b018f93e1b07e3825b8a7833b8d)] -> id: Email]
2024-06-22 20:06:332 INFO  LoginPage :54 - Enter PassWordField : [[ChromeDriver: chrome on windows (453d5b018f93e1b07e3825b8a7833b8d)] -> name: Password]
2024-06-22 20:06:768 INFO  LoginPage :59 - Clicking on login link : [[ChromeDriver: chrome on windows (453d5b018f93e1b07e3825b8a7833b8d)] -> xpath: //button[contains(text(),'Log in')]]
2024-06-22 20:06:787 INFO  LoginPage :63 - Getting error message from : [[ChromeDriver: chrome on windows (453d5b018f93e1b07e3825b8a7833b8d)] -> xpath: //div[@class='message-error validation-summary-errors']]
2024-06-22 20:06:163 INFO  HomePage :35 - Clicking on login link : [[ChromeDriver: chrome on windows (e12455d31b92be0679f46b9893a523cf)] -> link text: Log in]
2024-06-22 20:06:293 INFO  LoginPage :49 - Enter EmailField : [[ChromeDriver: chrome on windows (e12455d31b92be0679f46b9893a523cf)] -> id: Email]
2024-06-22 20:06:380 INFO  LoginPage :54 - Enter PassWordField : [[ChromeDriver: chrome on windows (e12455d31b92be0679f46b9893a523cf)] -> name: Password]
2024-06-22 20:06:748 INFO  LoginPage :59 - Clicking on login link : [[ChromeDriver: chrome on windows (e12455d31b92be0679f46b9893a523cf)] -> xpath: //button[contains(text(),'Log in')]]
2024-06-22 20:06:767 INFO  LoginPage :63 - Getting error message from : [[ChromeDriver: chrome on windows (e12455d31b92be0679f46b9893a523cf)] -> xpath: //div[@class='message-error validation-summary-errors']]
2024-06-22 20:06:258 INFO  HomePage :35 - Clicking on login link : [[ChromeDriver: chrome on windows (d9f1267dcce2725315c7f233ecaa7c6e)] -> link text: Log in]
2024-06-22 20:06:381 INFO  LoginPage :49 - Enter EmailField : [[ChromeDriver: chrome on windows (d9f1267dcce2725315c7f233ecaa7c6e)] -> id: Email]
2024-06-22 20:06:465 INFO  LoginPage :54 - Enter PassWordField : [[ChromeDriver: chrome on windows (d9f1267dcce2725315c7f233ecaa7c6e)] -> name: Password]
2024-06-22 20:06:868 INFO  LoginPage :59 - Clicking on login link : [[ChromeDriver: chrome on windows (d9f1267dcce2725315c7f233ecaa7c6e)] -> xpath: //button[contains(text(),'Log in')]]
2024-06-22 20:06:890 INFO  LoginPage :63 - Getting error message from : [[ChromeDriver: chrome on windows (d9f1267dcce2725315c7f233ecaa7c6e)] -> xpath: //div[@class='message-error validation-summary-errors']]
2024-06-22 20:06:167 INFO  HomePage :35 - Clicking on login link : [[ChromeDriver: chrome on windows (6715e8818bcbac89e1d8b15c96cb9bfa)] -> link text: Log in]
2024-06-22 20:06:320 INFO  LoginPage :49 - Enter EmailField : [[ChromeDriver: chrome on windows (6715e8818bcbac89e1d8b15c96cb9bfa)] -> id: Email]
2024-06-22 20:06:409 INFO  LoginPage :54 - Enter PassWordField : [[ChromeDriver: chrome on windows (6715e8818bcbac89e1d8b15c96cb9bfa)] -> name: Password]
2024-06-22 20:06:98 INFO  LoginPage :59 - Clicking on login link : [[ChromeDriver: chrome on windows (6715e8818bcbac89e1d8b15c96cb9bfa)] -> xpath: //button[contains(text(),'Log in')]]
2024-06-22 20:06:141 INFO  LoginPage :69 - Getting text from : [[ChromeDriver: chrome on windows (6715e8818bcbac89e1d8b15c96cb9bfa)] -> xpath: //a[normalize-space()='Log out']]
2024-06-22 20:06:992 INFO  HomePage :35 - Clicking on login link : [[ChromeDriver: chrome on windows (4dd7edb7dcdc7553ff7f752e3a9c4066)] -> link text: Log in]
2024-06-22 20:06:118 INFO  LoginPage :49 - Enter EmailField : [[ChromeDriver: chrome on windows (4dd7edb7dcdc7553ff7f752e3a9c4066)] -> id: Email]
2024-06-22 20:06:230 INFO  LoginPage :54 - Enter PassWordField : [[ChromeDriver: chrome on windows (4dd7edb7dcdc7553ff7f752e3a9c4066)] -> name: Password]
2024-06-22 20:06:817 INFO  LoginPage :59 - Clicking on login link : [[ChromeDriver: chrome on windows (4dd7edb7dcdc7553ff7f752e3a9c4066)] -> xpath: //button[contains(text(),'Log in')]]
2024-06-22 20:06:441 INFO  HomePage :53 - Clicking on logout link : [[ChromeDriver: chrome on windows (4dd7edb7dcdc7553ff7f752e3a9c4066)] -> xpath: //a[normalize-space()='Log out']]
2024-06-22 20:06:502 INFO  HomePage :56 - Getting text from : [[ChromeDriver: chrome on windows (4dd7edb7dcdc7553ff7f752e3a9c4066)] -> link text: Log in]
2024-06-22 20:06:53 INFO  HomePage :40 - Clicking on register link : [[ChromeDriver: chrome on windows (a1e51d75fc8818b5f9a1c576c5dec6d4)] -> link text: Register]
2024-06-22 20:06:84 INFO  LoginPage :70 - Getting text from : [[ChromeDriver: chrome on windows (a1e51d75fc8818b5f9a1c576c5dec6d4)] -> xpath: //h1[normalize-space()='Register']]
2024-06-22 20:06:831 INFO  HomePage :40 - Clicking on register link : [[ChromeDriver: chrome on windows (ff6761ffb3655008fa1bde846ba2d3f9)] -> link text: Register]
2024-06-22 20:06:651 INFO  HomePage :40 - Clicking on register link : [[ChromeDriver: chrome on windows (2371a22df591d16992f1535fef7767b5)] -> link text: Register]
2024-06-22 20:06:728 INFO  LoginPage :77 - Clicking on register button : [[ChromeDriver: chrome on windows (2371a22df591d16992f1535fef7767b5)] -> id: register-button]
2024-06-22 20:06:749 INFO  LoginPage :88 - Getting text from : [[ChromeDriver: chrome on windows (2371a22df591d16992f1535fef7767b5)] -> id: FirstName-error]
2024-06-22 20:06:778 INFO  LoginPage :93 - Getting text from : [[ChromeDriver: chrome on windows (2371a22df591d16992f1535fef7767b5)] -> id: LastName-error]
2024-06-22 20:06:799 INFO  LoginPage :99 - Getting text from : [[ChromeDriver: chrome on windows (2371a22df591d16992f1535fef7767b5)] -> id: Email-error]
2024-06-22 20:06:839 INFO  LoginPage :105 - Getting text from : Proxy element for: DefaultElementLocator 'By.id: Password-error'
2024-06-22 20:06:928 INFO  HomePage :40 - Clicking on register link : [[ChromeDriver: chrome on windows (8f3c5c186c7281a70f0e628390e38e49)] -> link text: Register]
2024-06-22 20:06:43 INFO  LoginPage :77 - Clicking on register button : [[ChromeDriver: chrome on windows (8f3c5c186c7281a70f0e628390e38e49)] -> id: register-button]
2024-06-22 20:06:62 INFO  LoginPage :88 - Getting text from : [[ChromeDriver: chrome on windows (8f3c5c186c7281a70f0e628390e38e49)] -> id: FirstName-error]
2024-06-22 20:06:98 INFO  LoginPage :93 - Getting text from : [[ChromeDriver: chrome on windows (8f3c5c186c7281a70f0e628390e38e49)] -> id: LastName-error]
2024-06-22 20:06:129 INFO  LoginPage :99 - Getting text from : [[ChromeDriver: chrome on windows (8f3c5c186c7281a70f0e628390e38e49)] -> id: Email-error]
2024-06-22 20:06:161 INFO  LoginPage :111 - Getting text from : [[ChromeDriver: chrome on windows (8f3c5c186c7281a70f0e628390e38e49)] -> id: ConfirmPassword-error]
2024-06-22 20:06:191 INFO  LoginPage :111 - Getting text from : [[ChromeDriver: chrome on windows (8f3c5c186c7281a70f0e628390e38e49)] -> id: ConfirmPassword-error]
2024-06-22 20:06:383 INFO  HomePage :40 - Clicking on register link : [[ChromeDriver: chrome on windows (2a656fa7df3e7150d9c8dba9a966cc5a)] -> link text: Register]
2024-06-22 20:06:463 INFO  LoginPage :118 - Clicking on gender tab : [[ChromeDriver: chrome on windows (2a656fa7df3e7150d9c8dba9a966cc5a)] -> id: gender]
2024-06-22 20:06:485 INFO  LoginPage :123 - Enter FirstName : [[ChromeDriver: chrome on windows (2a656fa7df3e7150d9c8dba9a966cc5a)] -> id: FirstName]
2024-06-22 20:06:670 INFO  LoginPage :129 - Enter LastName : [[ChromeDriver: chrome on windows (2a656fa7df3e7150d9c8dba9a966cc5a)] -> id: LastName]
2024-06-22 20:06:772 INFO  LoginPage :134 - Select date[[ChromeDriver: chrome on windows (2a656fa7df3e7150d9c8dba9a966cc5a)] -> name: DateOfBirthDay]
2024-06-22 20:06:907 INFO  LoginPage :139 - Select month[[ChromeDriver: chrome on windows (2a656fa7df3e7150d9c8dba9a966cc5a)] -> name: DateOfBirthMonth]
2024-06-22 20:06:29 INFO  LoginPage :144 - Select year[[ChromeDriver: chrome on windows (2a656fa7df3e7150d9c8dba9a966cc5a)] -> name: DateOfBirthYear]
2024-06-22 20:06:315 INFO  LoginPage :150 - Enter EmailField : [[ChromeDriver: chrome on windows (2a656fa7df3e7150d9c8dba9a966cc5a)] -> id: Email]
2024-06-22 20:06:429 INFO  LoginPage :156 - Enter PassWordField : [[ChromeDriver: chrome on windows (2a656fa7df3e7150d9c8dba9a966cc5a)] -> id: Password]
2024-06-22 20:06:534 INFO  LoginPage :161 - Enter ConfirmPassWordField : [[ChromeDriver: chrome on windows (2a656fa7df3e7150d9c8dba9a966cc5a)] -> id: ConfirmPassword]
2024-06-22 20:06:127 INFO  LoginPage :77 - Clicking on register button : [[ChromeDriver: chrome on windows (2a656fa7df3e7150d9c8dba9a966cc5a)] -> id: register-button]
2024-06-22 20:06:775 INFO  LoginPage :165 - Get registration Message : Proxy element for: DefaultElementLocator 'By.linkText: Your registration completed'
2024-06-22 20:06:238 INFO  HomePage :40 - Clicking on register link : [[ChromeDriver: chrome on windows (24273401b8c079566cab70fb1e7ff8e7)] -> link text: Register]
2024-06-22 20:06:312 INFO  LoginPage :118 - Clicking on gender tab : [[ChromeDriver: chrome on windows (24273401b8c079566cab70fb1e7ff8e7)] -> id: gender]
2024-06-22 20:06:331 INFO  LoginPage :123 - Enter FirstName : [[ChromeDriver: chrome on windows (24273401b8c079566cab70fb1e7ff8e7)] -> id: FirstName]
2024-06-22 20:06:424 INFO  LoginPage :129 - Enter LastName : [[ChromeDriver: chrome on windows (24273401b8c079566cab70fb1e7ff8e7)] -> id: LastName]
2024-06-22 20:06:520 INFO  LoginPage :134 - Select date[[ChromeDriver: chrome on windows (24273401b8c079566cab70fb1e7ff8e7)] -> name: DateOfBirthDay]
2024-06-22 20:06:641 INFO  LoginPage :139 - Select month[[ChromeDriver: chrome on windows (24273401b8c079566cab70fb1e7ff8e7)] -> name: DateOfBirthMonth]
2024-06-22 20:06:756 INFO  LoginPage :144 - Select year[[ChromeDriver: chrome on windows (24273401b8c079566cab70fb1e7ff8e7)] -> name: DateOfBirthYear]
2024-06-22 20:06:967 INFO  LoginPage :150 - Enter EmailField : [[ChromeDriver: chrome on windows (24273401b8c079566cab70fb1e7ff8e7)] -> id: Email]
2024-06-22 20:06:58 INFO  LoginPage :156 - Enter PassWordField : [[ChromeDriver: chrome on windows (24273401b8c079566cab70fb1e7ff8e7)] -> id: Password]
2024-06-22 20:06:168 INFO  LoginPage :161 - Enter ConfirmPassWordField : [[ChromeDriver: chrome on windows (24273401b8c079566cab70fb1e7ff8e7)] -> id: ConfirmPassword]
2024-06-22 20:06:739 INFO  LoginPage :77 - Clicking on register button : [[ChromeDriver: chrome on windows (24273401b8c079566cab70fb1e7ff8e7)] -> id: register-button]
2024-06-22 20:06:836 INFO  LoginPage :165 - Get registration Message : Proxy element for: DefaultElementLocator 'By.linkText: Your registration completed'
2024-06-22 21:06:880 INFO  HomePage :40 - Clicking on register link : [[ChromeDriver: chrome on windows (47fe9ad8932f6fd9ef295cf24fadb6c0)] -> link text: Register]
2024-06-22 21:06:978 INFO  LoginPage :118 - Clicking on gender tab : [[ChromeDriver: chrome on windows (47fe9ad8932f6fd9ef295cf24fadb6c0)] -> id: gender]
2024-06-22 21:06:993 INFO  LoginPage :123 - Enter FirstName : [[ChromeDriver: chrome on windows (47fe9ad8932f6fd9ef295cf24fadb6c0)] -> id: FirstName]
2024-06-22 21:06:70 INFO  LoginPage :129 - Enter LastName : [[ChromeDriver: chrome on windows (47fe9ad8932f6fd9ef295cf24fadb6c0)] -> id: LastName]
2024-06-22 21:06:127 INFO  LoginPage :134 - Select date[[ChromeDriver: chrome on windows (47fe9ad8932f6fd9ef295cf24fadb6c0)] -> name: DateOfBirthDay]
2024-06-22 21:06:259 INFO  LoginPage :139 - Select month[[ChromeDriver: chrome on windows (47fe9ad8932f6fd9ef295cf24fadb6c0)] -> name: DateOfBirthMonth]
2024-06-22 21:06:380 INFO  LoginPage :144 - Select year[[ChromeDriver: chrome on windows (47fe9ad8932f6fd9ef295cf24fadb6c0)] -> name: DateOfBirthYear]
2024-06-22 21:06:534 INFO  LoginPage :150 - Enter EmailField : [[ChromeDriver: chrome on windows (47fe9ad8932f6fd9ef295cf24fadb6c0)] -> id: Email]
2024-06-22 21:06:607 INFO  LoginPage :156 - Enter PassWordField : [[ChromeDriver: chrome on windows (47fe9ad8932f6fd9ef295cf24fadb6c0)] -> id: Password]
2024-06-22 21:06:669 INFO  LoginPage :161 - Enter ConfirmPassWordField : [[ChromeDriver: chrome on windows (47fe9ad8932f6fd9ef295cf24fadb6c0)] -> id: ConfirmPassword]
2024-06-22 21:06:247 INFO  LoginPage :77 - Clicking on register button : [[ChromeDriver: chrome on windows (47fe9ad8932f6fd9ef295cf24fadb6c0)] -> id: register-button]
2024-06-22 21:06:276 INFO  LoginPage :165 - Get registration Message : [[ChromeDriver: chrome on windows (47fe9ad8932f6fd9ef295cf24fadb6c0)] -> xpath: //div[text()='Your registration completed']]
2024-06-22 21:06:535 INFO  HomePage :40 - Clicking on register link : [[ChromeDriver: chrome on windows (5a258a85555a9b40ccc6d4e757b0c3a8)] -> link text: Register]
2024-06-22 21:06:637 INFO  LoginPage :118 - Clicking on gender tab : [[ChromeDriver: chrome on windows (5a258a85555a9b40ccc6d4e757b0c3a8)] -> id: gender]
2024-06-22 21:06:650 INFO  LoginPage :123 - Enter FirstName : [[ChromeDriver: chrome on windows (5a258a85555a9b40ccc6d4e757b0c3a8)] -> id: FirstName]
2024-06-22 21:06:740 INFO  LoginPage :129 - Enter LastName : [[ChromeDriver: chrome on windows (5a258a85555a9b40ccc6d4e757b0c3a8)] -> id: LastName]
2024-06-22 21:06:830 INFO  LoginPage :134 - Select date[[ChromeDriver: chrome on windows (5a258a85555a9b40ccc6d4e757b0c3a8)] -> name: DateOfBirthDay]
2024-06-22 21:06:962 INFO  LoginPage :139 - Select month[[ChromeDriver: chrome on windows (5a258a85555a9b40ccc6d4e757b0c3a8)] -> name: DateOfBirthMonth]
2024-06-22 21:06:159 INFO  LoginPage :144 - Select year[[ChromeDriver: chrome on windows (5a258a85555a9b40ccc6d4e757b0c3a8)] -> name: DateOfBirthYear]
2024-06-22 21:06:409 INFO  LoginPage :150 - Enter EmailField : [[ChromeDriver: chrome on windows (5a258a85555a9b40ccc6d4e757b0c3a8)] -> id: Email]
2024-06-22 21:06:504 INFO  LoginPage :156 - Enter PassWordField : [[ChromeDriver: chrome on windows (5a258a85555a9b40ccc6d4e757b0c3a8)] -> id: Password]
2024-06-22 21:06:625 INFO  LoginPage :161 - Enter ConfirmPassWordField : [[ChromeDriver: chrome on windows (5a258a85555a9b40ccc6d4e757b0c3a8)] -> id: ConfirmPassword]
2024-06-22 21:06:271 INFO  LoginPage :77 - Clicking on register button : [[ChromeDriver: chrome on windows (5a258a85555a9b40ccc6d4e757b0c3a8)] -> id: register-button]
2024-06-22 21:06:299 INFO  LoginPage :165 - Get registration Message : [[ChromeDriver: chrome on windows (5a258a85555a9b40ccc6d4e757b0c3a8)] -> xpath: //div[text()='Your registration completed']]
2024-06-22 21:06:451 INFO  HomePage :20 - Get computers text[[ChromeDriver: chrome on windows (3ec4f9f3166d06f035561db58f43a2b4)] -> link text: Computers]
2024-06-22 21:06:207 INFO  HomePage :20 - Get computers text[[ChromeDriver: chrome on windows (3a058aff4a5ec0dd62daea0ebbe877f2)] -> link text: Computers]
2024-06-22 21:06:640 INFO  HomePage :25 - Click on desktop[[ChromeDriver: chrome on windows (a8d328bb97a983d0afe5357cded0080f)] -> xpath: //ul[@class='top-menu notmobile']//a[normalize-space()='Desktops']]
2024-06-22 21:06:612 INFO  HomePage :25 - Click on desktop[[ChromeDriver: chrome on windows (8229f5d490998a6c36a0f7f7a8235d86)] -> xpath: //a[text()=' Desktops ']]
2024-06-22 21:06:166 INFO  HomePage :18 - Get desktop text[[ChromeDriver: chrome on windows (8229f5d490998a6c36a0f7f7a8235d86)] -> link text: Desktops]
2024-06-22 22:06:396 INFO  HomePage :25 - Click on desktop[[ChromeDriver: chrome on windows (b6c62c0baa5b83df6933b2f9cc97eaaa)] -> xpath: //a[text()=' Desktops ']]
2024-06-22 22:06:524 INFO  HomePage :27 - Clicking on build your own computer link : [[ChromeDriver: chrome on windows (b6c62c0baa5b83df6933b2f9cc97eaaa)] -> link text: Build your own computer]
2024-06-22 22:06:656 INFO  BuildYourOwnComputerPage :41 - Select Processor[[ChromeDriver: chrome on windows (b6c62c0baa5b83df6933b2f9cc97eaaa)] -> id: product_attribute_1]
2024-06-22 22:06:753 INFO  BuildYourOwnComputerPage :47 - Select ram[[ChromeDriver: chrome on windows (b6c62c0baa5b83df6933b2f9cc97eaaa)] -> id: product_attribute_2]
2024-06-22 22:06:759 INFO  BuildYourOwnComputerPage :63 - Select HDD
2024-06-22 22:06:810 INFO  BuildYourOwnComputerPage :68 - Select OS
2024-06-22 22:06:871 INFO  BuildYourOwnComputerPage :73 - Select Software
2024-06-22 22:06:986 INFO  BuildYourOwnComputerPage :52 - Clicking on add to cart button : [[ChromeDriver: chrome on windows (b6c62c0baa5b83df6933b2f9cc97eaaa)] -> id: add-to-cart-button-1]
2024-06-22 22:06:62 INFO  BuildYourOwnComputerPage :57 - Get add to cart textProxy element for: DefaultElementLocator 'By.linkText: The product has been added to your shopping cart'
2024-06-22 22:06:147 INFO  HomePage :25 - Click on desktop[[ChromeDriver: chrome on windows (7d05a4df2021a9d186ae4c5c76b8a760)] -> xpath: //a[text()=' Desktops ']]
2024-06-22 22:06:431 INFO  HomePage :27 - Clicking on build your own computer link : [[ChromeDriver: chrome on windows (7d05a4df2021a9d186ae4c5c76b8a760)] -> link text: Build your own computer]
2024-06-22 22:06:531 INFO  BuildYourOwnComputerPage :41 - Select Processor[[ChromeDriver: chrome on windows (7d05a4df2021a9d186ae4c5c76b8a760)] -> id: product_attribute_1]
2024-06-22 22:06:622 INFO  BuildYourOwnComputerPage :47 - Select ram[[ChromeDriver: chrome on windows (7d05a4df2021a9d186ae4c5c76b8a760)] -> id: product_attribute_2]
2024-06-22 22:06:624 INFO  BuildYourOwnComputerPage :63 - Select HDD
2024-06-22 22:06:679 INFO  BuildYourOwnComputerPage :68 - Select OS
2024-06-22 22:06:734 INFO  BuildYourOwnComputerPage :73 - Select Software
2024-06-22 22:06:833 INFO  BuildYourOwnComputerPage :52 - Clicking on add to cart button : [[ChromeDriver: chrome on windows (7d05a4df2021a9d186ae4c5c76b8a760)] -> id: add-to-cart-button-1]
2024-06-22 22:06:707 INFO  BuildYourOwnComputerPage :57 - Get add to cart textProxy element for: DefaultElementLocator 'By.linkText: The product has been added to your shopping cart'
2024-06-22 22:06:620 INFO  HomePage :25 - Click on desktop[[ChromeDriver: chrome on windows (2db9dffed7841aab33a84af4c6721842)] -> xpath: //a[text()=' Desktops ']]
2024-06-22 22:06:802 INFO  HomePage :27 - Clicking on build your own computer link : [[ChromeDriver: chrome on windows (2db9dffed7841aab33a84af4c6721842)] -> link text: Build your own computer]
2024-06-22 22:06:966 INFO  BuildYourOwnComputerPage :41 - Select Processor[[ChromeDriver: chrome on windows (2db9dffed7841aab33a84af4c6721842)] -> id: product_attribute_1]
2024-06-22 22:06:79 INFO  BuildYourOwnComputerPage :47 - Select ram[[ChromeDriver: chrome on windows (2db9dffed7841aab33a84af4c6721842)] -> id: product_attribute_2]
2024-06-22 22:06:81 INFO  BuildYourOwnComputerPage :63 - Select HDD
2024-06-22 22:06:128 INFO  BuildYourOwnComputerPage :68 - Select OS
2024-06-22 22:06:10 INFO  HomePage :25 - Click on desktop[[ChromeDriver: chrome on windows (bd2e6143c0828bdc1a857bab61b7737d)] -> xpath: //a[text()=' Desktops ']]
2024-06-22 22:06:69 INFO  HomePage :27 - Clicking on build your own computer link : [[ChromeDriver: chrome on windows (bd2e6143c0828bdc1a857bab61b7737d)] -> link text: Build your own computer]
2024-06-22 22:06:234 INFO  BuildYourOwnComputerPage :41 - Select Processor[[ChromeDriver: chrome on windows (bd2e6143c0828bdc1a857bab61b7737d)] -> id: product_attribute_1]
2024-06-22 22:06:348 INFO  BuildYourOwnComputerPage :47 - Select ram[[ChromeDriver: chrome on windows (bd2e6143c0828bdc1a857bab61b7737d)] -> id: product_attribute_2]
2024-06-22 22:06:351 INFO  BuildYourOwnComputerPage :63 - Select HDD
2024-06-22 22:06:422 INFO  BuildYourOwnComputerPage :68 - Select OS
2024-06-22 22:06:493 INFO  BuildYourOwnComputerPage :73 - Select Software
2024-06-22 22:06:609 INFO  BuildYourOwnComputerPage :52 - Clicking on add to cart button : [[ChromeDriver: chrome on windows (bd2e6143c0828bdc1a857bab61b7737d)] -> id: add-to-cart-button-1]
2024-06-22 22:06:172 INFO  BuildYourOwnComputerPage :57 - Get add to cart textProxy element for: DefaultElementLocator 'By.linkText: The product has been added to your shopping cart'
2024-06-22 22:06:178 INFO  HomePage :25 - Click on desktop[[ChromeDriver: chrome on windows (1453220e8cc295251451f45b582129ba)] -> xpath: //a[text()=' Desktops ']]
2024-06-22 22:06:256 INFO  HomePage :27 - Clicking on build your own computer link : [[ChromeDriver: chrome on windows (1453220e8cc295251451f45b582129ba)] -> link text: Build your own computer]
2024-06-22 22:06:343 INFO  BuildYourOwnComputerPage :41 - Select Processor[[ChromeDriver: chrome on windows (1453220e8cc295251451f45b582129ba)] -> id: product_attribute_1]
2024-06-22 22:06:427 INFO  BuildYourOwnComputerPage :47 - Select ram[[ChromeDriver: chrome on windows (1453220e8cc295251451f45b582129ba)] -> id: product_attribute_2]
2024-06-22 22:06:432 INFO  BuildYourOwnComputerPage :63 - Select HDD
2024-06-22 22:06:484 INFO  BuildYourOwnComputerPage :68 - Select OS
2024-06-22 22:06:535 INFO  BuildYourOwnComputerPage :73 - Select Software
2024-06-22 22:06:623 INFO  BuildYourOwnComputerPage :52 - Clicking on add to cart button : [[ChromeDriver: chrome on windows (1453220e8cc295251451f45b582129ba)] -> id: add-to-cart-button-1]
2024-06-22 22:06:677 INFO  BuildYourOwnComputerPage :57 - Get add to cart textProxy element for: DefaultElementLocator 'By.linkText: The product has been added to your shopping cart'
2024-06-22 22:06:595 INFO  HomePage :25 - Click on desktop[[ChromeDriver: chrome on windows (273df1dd7026576d44802a43861e5e18)] -> xpath: //a[text()=' Desktops ']]
2024-06-22 22:06:599 INFO  HomePage :27 - Clicking on build your own computer link : [[ChromeDriver: chrome on windows (273df1dd7026576d44802a43861e5e18)] -> link text: Build your own computer]
2024-06-22 22:06:670 INFO  BuildYourOwnComputerPage :41 - Select Processor[[ChromeDriver: chrome on windows (273df1dd7026576d44802a43861e5e18)] -> id: product_attribute_1]
2024-06-22 22:06:748 INFO  BuildYourOwnComputerPage :47 - Select ram[[ChromeDriver: chrome on windows (273df1dd7026576d44802a43861e5e18)] -> id: product_attribute_2]
2024-06-22 22:06:751 INFO  BuildYourOwnComputerPage :63 - Select HDD
2024-06-22 22:06:793 INFO  BuildYourOwnComputerPage :68 - Select OS
2024-06-22 22:06:243 INFO  HomePage :25 - Click on desktop[[ChromeDriver: chrome on windows (e7af4362682474c9adcadbca5a2934eb)] -> xpath: //a[text()=' Desktops ']]
2024-06-22 22:06:281 INFO  HomePage :27 - Clicking on build your own computer link : [[ChromeDriver: chrome on windows (e7af4362682474c9adcadbca5a2934eb)] -> link text: Build your own computer]
2024-06-22 22:06:416 INFO  BuildYourOwnComputerPage :41 - Select Processor[[ChromeDriver: chrome on windows (e7af4362682474c9adcadbca5a2934eb)] -> id: product_attribute_1]
2024-06-22 22:06:515 INFO  BuildYourOwnComputerPage :47 - Select ram[[ChromeDriver: chrome on windows (e7af4362682474c9adcadbca5a2934eb)] -> id: product_attribute_2]
2024-06-22 22:06:521 INFO  BuildYourOwnComputerPage :63 - Select HDD
2024-06-22 22:06:575 INFO  BuildYourOwnComputerPage :68 - Select OS
2024-06-22 22:06:629 INFO  BuildYourOwnComputerPage :73 - Select Software
2024-06-22 22:06:737 INFO  BuildYourOwnComputerPage :52 - Clicking on add to cart button : [[ChromeDriver: chrome on windows (e7af4362682474c9adcadbca5a2934eb)] -> id: add-to-cart-button-1]
2024-06-22 22:06:09 INFO  BuildYourOwnComputerPage :57 - Get add to cart text[[ChromeDriver: chrome on windows (e7af4362682474c9adcadbca5a2934eb)] -> xpath: //body/div[@id='bar-notification']/div[1]/p[1]]
2024-06-22 22:06:611 INFO  HomePage :25 - Click on desktop[[ChromeDriver: chrome on windows (fb07a173267114f4d3d34fae7b8d9aaa)] -> xpath: //a[text()=' Desktops ']]
2024-06-22 22:06:717 INFO  HomePage :27 - Clicking on build your own computer link : [[ChromeDriver: chrome on windows (fb07a173267114f4d3d34fae7b8d9aaa)] -> link text: Build your own computer]
2024-06-22 22:06:819 INFO  BuildYourOwnComputerPage :41 - Select Processor[[ChromeDriver: chrome on windows (fb07a173267114f4d3d34fae7b8d9aaa)] -> id: product_attribute_1]
2024-06-22 22:06:903 INFO  BuildYourOwnComputerPage :47 - Select ram[[ChromeDriver: chrome on windows (fb07a173267114f4d3d34fae7b8d9aaa)] -> id: product_attribute_2]
2024-06-22 22:06:906 INFO  BuildYourOwnComputerPage :63 - Select HDD
2024-06-22 22:06:962 INFO  BuildYourOwnComputerPage :68 - Select OS
2024-06-22 22:06:10 INFO  BuildYourOwnComputerPage :73 - Select Software
2024-06-22 22:06:144 INFO  BuildYourOwnComputerPage :52 - Clicking on add to cart button : [[ChromeDriver: chrome on windows (fb07a173267114f4d3d34fae7b8d9aaa)] -> id: add-to-cart-button-1]
2024-06-22 22:06:427 INFO  BuildYourOwnComputerPage :57 - Get add to cart text[[ChromeDriver: chrome on windows (fb07a173267114f4d3d34fae7b8d9aaa)] -> xpath: //body/div[@id='bar-notification']/div[1]/p[1]]
2024-06-22 22:06:12 INFO  HomePage :25 - Click on desktop[[ChromeDriver: chrome on windows (d137599aa2f37fc643b3d1227e4f7f24)] -> xpath: //a[text()=' Desktops ']]
2024-06-22 22:06:89 INFO  HomePage :27 - Clicking on build your own computer link : [[ChromeDriver: chrome on windows (d137599aa2f37fc643b3d1227e4f7f24)] -> link text: Build your own computer]
2024-06-22 22:06:191 INFO  BuildYourOwnComputerPage :41 - Select Processor[[ChromeDriver: chrome on windows (d137599aa2f37fc643b3d1227e4f7f24)] -> id: product_attribute_1]
2024-06-22 22:06:275 INFO  BuildYourOwnComputerPage :47 - Select ram[[ChromeDriver: chrome on windows (d137599aa2f37fc643b3d1227e4f7f24)] -> id: product_attribute_2]
2024-06-22 22:06:280 INFO  BuildYourOwnComputerPage :63 - Select HDD
2024-06-22 22:06:329 INFO  BuildYourOwnComputerPage :68 - Select OS
2024-06-22 22:06:441 INFO  HomePage :25 - Click on desktop[[ChromeDriver: chrome on windows (84eb026a659e4b917e3055fb03580320)] -> xpath: //a[text()=' Desktops ']]
2024-06-22 22:06:631 INFO  HomePage :27 - Clicking on build your own computer link : [[ChromeDriver: chrome on windows (84eb026a659e4b917e3055fb03580320)] -> link text: Build your own computer]
2024-06-22 22:06:738 INFO  BuildYourOwnComputerPage :41 - Select Processor[[ChromeDriver: chrome on windows (84eb026a659e4b917e3055fb03580320)] -> id: product_attribute_1]
2024-06-22 22:06:812 INFO  BuildYourOwnComputerPage :47 - Select ram[[ChromeDriver: chrome on windows (84eb026a659e4b917e3055fb03580320)] -> id: product_attribute_2]
2024-06-22 22:06:816 INFO  BuildYourOwnComputerPage :63 - Select HDD
2024-06-22 22:06:872 INFO  BuildYourOwnComputerPage :68 - Select OS
2024-06-22 22:06:920 INFO  BuildYourOwnComputerPage :73 - Select Software
2024-06-22 22:06:08 INFO  BuildYourOwnComputerPage :52 - Clicking on add to cart button : [[ChromeDriver: chrome on windows (84eb026a659e4b917e3055fb03580320)] -> id: add-to-cart-button-1]
2024-06-22 22:06:324 INFO  BuildYourOwnComputerPage :57 - Get add to cart text[[ChromeDriver: chrome on windows (84eb026a659e4b917e3055fb03580320)] -> xpath: //body/div[@id='bar-notification']/div[1]/p[1]]
2024-06-22 22:06:215 INFO  HomePage :25 - Click on desktop[[ChromeDriver: chrome on windows (db38978ad12a6a080a889876f50ca795)] -> xpath: //a[text()=' Desktops ']]
2024-06-22 22:06:358 INFO  HomePage :27 - Clicking on build your own computer link : [[ChromeDriver: chrome on windows (db38978ad12a6a080a889876f50ca795)] -> link text: Build your own computer]
2024-06-22 22:06:483 INFO  BuildYourOwnComputerPage :41 - Select Processor[[ChromeDriver: chrome on windows (db38978ad12a6a080a889876f50ca795)] -> id: product_attribute_1]
2024-06-22 22:06:572 INFO  BuildYourOwnComputerPage :47 - Select ram[[ChromeDriver: chrome on windows (db38978ad12a6a080a889876f50ca795)] -> id: product_attribute_2]
2024-06-22 22:06:574 INFO  BuildYourOwnComputerPage :63 - Select HDD
2024-06-22 22:06:634 INFO  BuildYourOwnComputerPage :68 - Select OS
2024-06-22 22:06:684 INFO  BuildYourOwnComputerPage :73 - Select Software
2024-06-22 22:06:789 INFO  BuildYourOwnComputerPage :52 - Clicking on add to cart button : [[ChromeDriver: chrome on windows (db38978ad12a6a080a889876f50ca795)] -> id: add-to-cart-button-1]
2024-06-22 22:06:140 INFO  BuildYourOwnComputerPage :57 - Get add to cart text[[ChromeDriver: chrome on windows (db38978ad12a6a080a889876f50ca795)] -> xpath: //body/div[@id='bar-notification']/div[1]/p[1]]
2024-06-22 22:06:773 INFO  HomePage :25 - Click on desktop[[ChromeDriver: chrome on windows (d4da3fb6da9da2ffb75eb3344ecec8c9)] -> xpath: //a[text()=' Desktops ']]
2024-06-22 22:06:801 INFO  HomePage :27 - Clicking on build your own computer link : [[ChromeDriver: chrome on windows (d4da3fb6da9da2ffb75eb3344ecec8c9)] -> link text: Build your own computer]
2024-06-22 22:06:869 INFO  BuildYourOwnComputerPage :41 - Select Processor[[ChromeDriver: chrome on windows (d4da3fb6da9da2ffb75eb3344ecec8c9)] -> id: product_attribute_1]
2024-06-22 22:06:974 INFO  BuildYourOwnComputerPage :47 - Select ram[[ChromeDriver: chrome on windows (d4da3fb6da9da2ffb75eb3344ecec8c9)] -> id: product_attribute_2]
2024-06-22 22:06:976 INFO  BuildYourOwnComputerPage :63 - Select HDD
2024-06-22 22:06:36 INFO  BuildYourOwnComputerPage :68 - Select OS
2024-06-22 22:06:891 INFO  HomePage :25 - Click on desktop[[ChromeDriver: chrome on windows (095ff233eae96410adb8a18eaac50e1b)] -> xpath: //a[text()=' Desktops ']]
2024-06-22 22:06:44 INFO  HomePage :27 - Clicking on build your own computer link : [[ChromeDriver: chrome on windows (095ff233eae96410adb8a18eaac50e1b)] -> link text: Build your own computer]
2024-06-22 22:06:160 INFO  BuildYourOwnComputerPage :41 - Select Processor[[ChromeDriver: chrome on windows (095ff233eae96410adb8a18eaac50e1b)] -> id: product_attribute_1]
2024-06-22 22:06:274 INFO  BuildYourOwnComputerPage :47 - Select ram[[ChromeDriver: chrome on windows (095ff233eae96410adb8a18eaac50e1b)] -> id: product_attribute_2]
2024-06-22 22:06:277 INFO  BuildYourOwnComputerPage :63 - Select HDD
2024-06-22 22:06:333 INFO  BuildYourOwnComputerPage :68 - Select OS
2024-06-22 22:06:388 INFO  BuildYourOwnComputerPage :73 - Select Software
2024-06-22 22:06:492 INFO  BuildYourOwnComputerPage :52 - Clicking on add to cart button : [[ChromeDriver: chrome on windows (095ff233eae96410adb8a18eaac50e1b)] -> id: add-to-cart-button-1]
2024-06-22 22:06:767 INFO  BuildYourOwnComputerPage :57 - Get add to cart text[[ChromeDriver: chrome on windows (095ff233eae96410adb8a18eaac50e1b)] -> xpath: //body/div[@id='bar-notification']/div[1]/p[1]]
2024-06-22 22:06:670 INFO  HomePage :25 - Click on desktop[[ChromeDriver: chrome on windows (72cefa43c37b580170bbe680f3764170)] -> xpath: //a[text()=' Desktops ']]
2024-06-22 22:06:897 INFO  HomePage :27 - Clicking on build your own computer link : [[ChromeDriver: chrome on windows (72cefa43c37b580170bbe680f3764170)] -> link text: Build your own computer]
2024-06-22 22:06:06 INFO  BuildYourOwnComputerPage :41 - Select Processor[[ChromeDriver: chrome on windows (72cefa43c37b580170bbe680f3764170)] -> id: product_attribute_1]
2024-06-22 22:06:104 INFO  BuildYourOwnComputerPage :47 - Select ram[[ChromeDriver: chrome on windows (72cefa43c37b580170bbe680f3764170)] -> id: product_attribute_2]
2024-06-22 22:06:110 INFO  BuildYourOwnComputerPage :63 - Select HDD
2024-06-22 22:06:169 INFO  BuildYourOwnComputerPage :68 - Select OS
2024-06-22 22:06:223 INFO  BuildYourOwnComputerPage :73 - Select Software
2024-06-22 22:06:333 INFO  BuildYourOwnComputerPage :52 - Clicking on add to cart button : [[ChromeDriver: chrome on windows (72cefa43c37b580170bbe680f3764170)] -> id: add-to-cart-button-1]
2024-06-22 22:06:722 INFO  BuildYourOwnComputerPage :57 - Get add to cart text[[ChromeDriver: chrome on windows (72cefa43c37b580170bbe680f3764170)] -> xpath: //body/div[@id='bar-notification']/div[1]/p[1]]
2024-06-22 22:06:828 INFO  HomePage :25 - Click on desktop[[ChromeDriver: chrome on windows (695f1882fdc63d852bb4874ca994c673)] -> xpath: //a[text()=' Desktops ']]
2024-06-22 22:06:864 INFO  HomePage :27 - Clicking on build your own computer link : [[ChromeDriver: chrome on windows (695f1882fdc63d852bb4874ca994c673)] -> link text: Build your own computer]
2024-06-22 22:06:945 INFO  BuildYourOwnComputerPage :41 - Select Processor[[ChromeDriver: chrome on windows (695f1882fdc63d852bb4874ca994c673)] -> id: product_attribute_1]
2024-06-22 22:06:29 INFO  BuildYourOwnComputerPage :47 - Select ram[[ChromeDriver: chrome on windows (695f1882fdc63d852bb4874ca994c673)] -> id: product_attribute_2]
2024-06-22 22:06:31 INFO  BuildYourOwnComputerPage :63 - Select HDD
2024-06-22 22:06:80 INFO  BuildYourOwnComputerPage :68 - Select OS
2024-06-22 22:06:133 INFO  BuildYourOwnComputerPage :73 - Select Software
2024-06-22 22:06:296 INFO  BuildYourOwnComputerPage :52 - Clicking on add to cart button : [[ChromeDriver: chrome on windows (695f1882fdc63d852bb4874ca994c673)] -> id: add-to-cart-button-1]
2024-06-22 22:06:589 INFO  BuildYourOwnComputerPage :57 - Get add to cart text[[ChromeDriver: chrome on windows (695f1882fdc63d852bb4874ca994c673)] -> xpath: //body/div[@id='bar-notification']/div[1]/p[1]]
2024-06-22 22:06:713 INFO  HomePage :20 - Get computers text[[ChromeDriver: chrome on windows (a704d32326e30a520ad941c1ced9fff2)] -> link text: Computers]
2024-06-22 22:06:69 INFO  HomePage :25 - Click on desktop[[ChromeDriver: chrome on windows (bc46796a4928921e9ff7a6da301fa83d)] -> xpath: //a[text()=' Desktops ']]
2024-06-22 22:06:626 INFO  HomePage :21 - Get desktop text[[ChromeDriver: chrome on windows (bc46796a4928921e9ff7a6da301fa83d)] -> link text: Desktops]
2024-06-22 22:06:144 INFO  HomePage :35 - Clicking on login link : [[ChromeDriver: chrome on windows (612ffd53865ac36ba0282784369a734a)] -> link text: Log in]
2024-06-22 22:06:226 INFO  LoginPage :43 - Getting text from : [[ChromeDriver: chrome on windows (612ffd53865ac36ba0282784369a734a)] -> xpath: //h1[contains(text(),'Welcome, Please Sign In!')]]
2024-06-22 22:06:752 INFO  HomePage :35 - Clicking on login link : [[ChromeDriver: chrome on windows (9de5ce3a3edd69d1fcd61e8c93f6adfb)] -> link text: Log in]
2024-06-22 22:06:914 INFO  LoginPage :49 - Enter EmailField : [[ChromeDriver: chrome on windows (9de5ce3a3edd69d1fcd61e8c93f6adfb)] -> id: Email]
2024-06-22 22:06:991 INFO  LoginPage :54 - Enter PassWordField : [[ChromeDriver: chrome on windows (9de5ce3a3edd69d1fcd61e8c93f6adfb)] -> name: Password]
2024-06-22 22:06:290 INFO  LoginPage :59 - Clicking on login link : [[ChromeDriver: chrome on windows (9de5ce3a3edd69d1fcd61e8c93f6adfb)] -> xpath: //button[contains(text(),'Log in')]]
2024-06-22 22:06:428 INFO  LoginPage :63 - Getting error message from : [[ChromeDriver: chrome on windows (9de5ce3a3edd69d1fcd61e8c93f6adfb)] -> xpath: //div[@class='message-error validation-summary-errors']]
2024-06-22 22:06:389 INFO  HomePage :35 - Clicking on login link : [[ChromeDriver: chrome on windows (bcf38679ff301e178904a8df8a9f731e)] -> link text: Log in]
2024-06-22 22:06:541 INFO  LoginPage :49 - Enter EmailField : [[ChromeDriver: chrome on windows (bcf38679ff301e178904a8df8a9f731e)] -> id: Email]
2024-06-22 22:06:628 INFO  LoginPage :54 - Enter PassWordField : [[ChromeDriver: chrome on windows (bcf38679ff301e178904a8df8a9f731e)] -> name: Password]
2024-06-22 22:06:945 INFO  LoginPage :59 - Clicking on login link : [[ChromeDriver: chrome on windows (bcf38679ff301e178904a8df8a9f731e)] -> xpath: //button[contains(text(),'Log in')]]
2024-06-22 22:06:989 INFO  LoginPage :63 - Getting error message from : [[ChromeDriver: chrome on windows (bcf38679ff301e178904a8df8a9f731e)] -> xpath: //div[@class='message-error validation-summary-errors']]
2024-06-22 22:06:705 INFO  HomePage :35 - Clicking on login link : [[ChromeDriver: chrome on windows (be309c205a94f471a50741f2d202f8ea)] -> link text: Log in]
2024-06-22 22:06:872 INFO  LoginPage :49 - Enter EmailField : [[ChromeDriver: chrome on windows (be309c205a94f471a50741f2d202f8ea)] -> id: Email]
2024-06-22 22:06:972 INFO  LoginPage :54 - Enter PassWordField : [[ChromeDriver: chrome on windows (be309c205a94f471a50741f2d202f8ea)] -> name: Password]
2024-06-22 22:06:290 INFO  LoginPage :59 - Clicking on login link : [[ChromeDriver: chrome on windows (be309c205a94f471a50741f2d202f8ea)] -> xpath: //button[contains(text(),'Log in')]]
2024-06-22 22:06:324 INFO  LoginPage :63 - Getting error message from : [[ChromeDriver: chrome on windows (be309c205a94f471a50741f2d202f8ea)] -> xpath: //div[@class='message-error validation-summary-errors']]
2024-06-22 22:06:698 INFO  HomePage :40 - Clicking on register link : [[ChromeDriver: chrome on windows (cf6c3a9247b15930b257c5285495e48d)] -> link text: Register]
2024-06-22 22:06:787 INFO  LoginPage :70 - Getting text from : [[ChromeDriver: chrome on windows (cf6c3a9247b15930b257c5285495e48d)] -> xpath: //h1[normalize-space()='Register']]
2024-06-22 22:06:585 INFO  HomePage :40 - Clicking on register link : [[ChromeDriver: chrome on windows (fd67f437c8491782774404e84f44fda0)] -> link text: Register]
2024-06-22 22:06:729 INFO  LoginPage :77 - Clicking on register button : [[ChromeDriver: chrome on windows (fd67f437c8491782774404e84f44fda0)] -> id: register-button]
2024-06-22 22:06:757 INFO  LoginPage :88 - Getting text from : [[ChromeDriver: chrome on windows (fd67f437c8491782774404e84f44fda0)] -> id: FirstName-error]
2024-06-22 22:06:798 INFO  LoginPage :93 - Getting text from : [[ChromeDriver: chrome on windows (fd67f437c8491782774404e84f44fda0)] -> id: LastName-error]
2024-06-22 22:06:819 INFO  LoginPage :99 - Getting text from : [[ChromeDriver: chrome on windows (fd67f437c8491782774404e84f44fda0)] -> id: Email-error]
2024-06-22 22:06:839 INFO  LoginPage :111 - Getting text from : [[ChromeDriver: chrome on windows (fd67f437c8491782774404e84f44fda0)] -> id: ConfirmPassword-error]
2024-06-22 22:06:855 INFO  LoginPage :111 - Getting text from : [[ChromeDriver: chrome on windows (fd67f437c8491782774404e84f44fda0)] -> id: ConfirmPassword-error]
2024-06-22 22:06:484 INFO  HomePage :20 - Get computers text[[ChromeDriver: chrome on windows (5f3a03e267da6fbc10f01e0149cae049)] -> link text: Computers]
2024-06-22 22:06:103 INFO  HomePage :25 - Click on desktop[[ChromeDriver: chrome on windows (6d9d987109dc37ea943e2d4fbd76cea5)] -> xpath: //a[text()=' Desktops ']]
2024-06-22 22:06:678 INFO  HomePage :21 - Get desktop text[[ChromeDriver: chrome on windows (6d9d987109dc37ea943e2d4fbd76cea5)] -> link text: Desktops]
2024-06-22 22:06:895 INFO  HomePage :25 - Click on desktop[[ChromeDriver: chrome on windows (a99dfe6cde45f7bf66f67220ccfd9f02)] -> xpath: //a[text()=' Desktops ']]
2024-06-22 22:06:361 INFO  HomePage :27 - Clicking on build your own computer link : [[ChromeDriver: chrome on windows (a99dfe6cde45f7bf66f67220ccfd9f02)] -> link text: Build your own computer]
2024-06-22 22:06:494 INFO  BuildYourOwnComputerPage :41 - Select Processor[[ChromeDriver: chrome on windows (a99dfe6cde45f7bf66f67220ccfd9f02)] -> id: product_attribute_1]
2024-06-22 22:06:581 INFO  BuildYourOwnComputerPage :47 - Select ram[[ChromeDriver: chrome on windows (a99dfe6cde45f7bf66f67220ccfd9f02)] -> id: product_attribute_2]
2024-06-22 22:06:585 INFO  BuildYourOwnComputerPage :63 - Select HDD
2024-06-22 22:06:644 INFO  BuildYourOwnComputerPage :68 - Select OS
2024-06-22 22:06:701 INFO  BuildYourOwnComputerPage :73 - Select Software
2024-06-22 22:06:798 INFO  BuildYourOwnComputerPage :52 - Clicking on add to cart button : [[ChromeDriver: chrome on windows (a99dfe6cde45f7bf66f67220ccfd9f02)] -> id: add-to-cart-button-1]
2024-06-22 22:06:451 INFO  BuildYourOwnComputerPage :57 - Get add to cart text[[ChromeDriver: chrome on windows (a99dfe6cde45f7bf66f67220ccfd9f02)] -> xpath: //body/div[@id='bar-notification']/div[1]/p[1]]
2024-06-22 22:06:872 INFO  HomePage :25 - Click on desktop[[ChromeDriver: chrome on windows (e2411cdf1582b52e1e63b874ffbe8d20)] -> xpath: //a[text()=' Desktops ']]
2024-06-22 22:06:748 INFO  HomePage :27 - Clicking on build your own computer link : [[ChromeDriver: chrome on windows (e2411cdf1582b52e1e63b874ffbe8d20)] -> link text: Build your own computer]
2024-06-22 22:06:850 INFO  BuildYourOwnComputerPage :41 - Select Processor[[ChromeDriver: chrome on windows (e2411cdf1582b52e1e63b874ffbe8d20)] -> id: product_attribute_1]
2024-06-22 22:06:937 INFO  BuildYourOwnComputerPage :47 - Select ram[[ChromeDriver: chrome on windows (e2411cdf1582b52e1e63b874ffbe8d20)] -> id: product_attribute_2]
2024-06-22 22:06:940 INFO  BuildYourOwnComputerPage :63 - Select HDD
2024-06-22 22:06:993 INFO  BuildYourOwnComputerPage :68 - Select OS
2024-06-22 22:06:36 INFO  BuildYourOwnComputerPage :73 - Select Software
2024-06-22 22:06:117 INFO  BuildYourOwnComputerPage :52 - Clicking on add to cart button : [[ChromeDriver: chrome on windows (e2411cdf1582b52e1e63b874ffbe8d20)] -> id: add-to-cart-button-1]
2024-06-22 22:06:563 INFO  BuildYourOwnComputerPage :57 - Get add to cart text[[ChromeDriver: chrome on windows (e2411cdf1582b52e1e63b874ffbe8d20)] -> xpath: //body/div[@id='bar-notification']/div[1]/p[1]]
2024-06-22 22:06:71 INFO  HomePage :25 - Click on desktop[[ChromeDriver: chrome on windows (fef588815238422c03db52dfdd6c4e69)] -> xpath: //a[text()=' Desktops ']]
2024-06-22 22:06:631 INFO  HomePage :27 - Clicking on build your own computer link : [[ChromeDriver: chrome on windows (fef588815238422c03db52dfdd6c4e69)] -> link text: Build your own computer]
2024-06-22 22:06:756 INFO  BuildYourOwnComputerPage :41 - Select Processor[[ChromeDriver: chrome on windows (fef588815238422c03db52dfdd6c4e69)] -> id: product_attribute_1]
2024-06-22 22:06:843 INFO  BuildYourOwnComputerPage :47 - Select ram[[ChromeDriver: chrome on windows (fef588815238422c03db52dfdd6c4e69)] -> id: product_attribute_2]
2024-06-22 22:06:845 INFO  BuildYourOwnComputerPage :63 - Select HDD
2024-06-22 22:06:892 INFO  BuildYourOwnComputerPage :68 - Select OS
2024-06-22 22:06:940 INFO  BuildYourOwnComputerPage :73 - Select Software
2024-06-22 22:06:44 INFO  BuildYourOwnComputerPage :52 - Clicking on add to cart button : [[ChromeDriver: chrome on windows (fef588815238422c03db52dfdd6c4e69)] -> id: add-to-cart-button-1]
2024-06-22 22:06:342 INFO  BuildYourOwnComputerPage :57 - Get add to cart text[[ChromeDriver: chrome on windows (fef588815238422c03db52dfdd6c4e69)] -> xpath: //body/div[@id='bar-notification']/div[1]/p[1]]
2024-06-22 22:06:924 INFO  HomePage :35 - Clicking on login link : [[ChromeDriver: chrome on windows (43c1e9b13ac2d4cdbdb51416909d8b4f)] -> link text: Log in]
2024-06-22 22:06:962 INFO  LoginPage :43 - Getting text from : [[ChromeDriver: chrome on windows (43c1e9b13ac2d4cdbdb51416909d8b4f)] -> xpath: //h1[contains(text(),'Welcome, Please Sign In!')]]
2024-06-22 22:06:754 INFO  HomePage :35 - Clicking on login link : [[ChromeDriver: chrome on windows (4e68f9ff79991722e55ee78a45dbcbb6)] -> link text: Log in]
2024-06-22 22:06:905 INFO  LoginPage :49 - Enter EmailField : [[ChromeDriver: chrome on windows (4e68f9ff79991722e55ee78a45dbcbb6)] -> id: Email]
2024-06-22 22:06:989 INFO  LoginPage :54 - Enter PassWordField : [[ChromeDriver: chrome on windows (4e68f9ff79991722e55ee78a45dbcbb6)] -> name: Password]
2024-06-22 22:06:614 INFO  LoginPage :59 - Clicking on login link : [[ChromeDriver: chrome on windows (4e68f9ff79991722e55ee78a45dbcbb6)] -> xpath: //button[contains(text(),'Log in')]]
2024-06-22 22:06:647 INFO  LoginPage :63 - Getting error message from : [[ChromeDriver: chrome on windows (4e68f9ff79991722e55ee78a45dbcbb6)] -> xpath: //div[@class='message-error validation-summary-errors']]
2024-06-22 22:06:718 INFO  HomePage :35 - Clicking on login link : [[ChromeDriver: chrome on windows (a7b9fe032f83ed5f8a6cfefed497a51e)] -> link text: Log in]
2024-06-22 22:06:914 INFO  LoginPage :49 - Enter EmailField : [[ChromeDriver: chrome on windows (a7b9fe032f83ed5f8a6cfefed497a51e)] -> id: Email]
2024-06-22 22:06:998 INFO  LoginPage :54 - Enter PassWordField : [[ChromeDriver: chrome on windows (a7b9fe032f83ed5f8a6cfefed497a51e)] -> name: Password]
2024-06-22 22:06:399 INFO  LoginPage :59 - Clicking on login link : [[ChromeDriver: chrome on windows (a7b9fe032f83ed5f8a6cfefed497a51e)] -> xpath: //button[contains(text(),'Log in')]]
2024-06-22 22:06:421 INFO  LoginPage :63 - Getting error message from : [[ChromeDriver: chrome on windows (a7b9fe032f83ed5f8a6cfefed497a51e)] -> xpath: //div[@class='message-error validation-summary-errors']]
2024-06-22 22:06:827 INFO  HomePage :35 - Clicking on login link : [[ChromeDriver: chrome on windows (72edb60c234fa42a834a05556e92da2b)] -> link text: Log in]
2024-06-22 22:06:996 INFO  LoginPage :49 - Enter EmailField : [[ChromeDriver: chrome on windows (72edb60c234fa42a834a05556e92da2b)] -> id: Email]
2024-06-22 22:06:76 INFO  LoginPage :54 - Enter PassWordField : [[ChromeDriver: chrome on windows (72edb60c234fa42a834a05556e92da2b)] -> name: Password]
2024-06-22 22:06:437 INFO  LoginPage :59 - Clicking on login link : [[ChromeDriver: chrome on windows (72edb60c234fa42a834a05556e92da2b)] -> xpath: //button[contains(text(),'Log in')]]
2024-06-22 22:06:486 INFO  LoginPage :63 - Getting error message from : [[ChromeDriver: chrome on windows (72edb60c234fa42a834a05556e92da2b)] -> xpath: //div[@class='message-error validation-summary-errors']]
2024-06-22 22:06:455 INFO  HomePage :35 - Clicking on login link : [[ChromeDriver: chrome on windows (3127c87c9894e779aa0a324ed62e36e7)] -> link text: Log in]
2024-06-22 22:06:609 INFO  LoginPage :49 - Enter EmailField : [[ChromeDriver: chrome on windows (3127c87c9894e779aa0a324ed62e36e7)] -> id: Email]
2024-06-22 22:06:701 INFO  LoginPage :54 - Enter PassWordField : [[ChromeDriver: chrome on windows (3127c87c9894e779aa0a324ed62e36e7)] -> name: Password]
2024-06-22 22:06:44 INFO  LoginPage :59 - Clicking on login link : [[ChromeDriver: chrome on windows (3127c87c9894e779aa0a324ed62e36e7)] -> xpath: //button[contains(text(),'Log in')]]
2024-06-22 22:06:80 INFO  LoginPage :69 - Getting text from : Proxy element for: DefaultElementLocator 'By.xpath: //a[normalize-space()='Log out']'
2024-06-22 22:06:960 INFO  HomePage :35 - Clicking on login link : [[ChromeDriver: chrome on windows (b4adfec92cddfb5775d465045bbd9bf9)] -> link text: Log in]
2024-06-22 22:06:97 INFO  LoginPage :49 - Enter EmailField : [[ChromeDriver: chrome on windows (b4adfec92cddfb5775d465045bbd9bf9)] -> id: Email]
2024-06-22 22:06:188 INFO  LoginPage :54 - Enter PassWordField : [[ChromeDriver: chrome on windows (b4adfec92cddfb5775d465045bbd9bf9)] -> name: Password]
2024-06-22 22:06:562 INFO  LoginPage :59 - Clicking on login link : [[ChromeDriver: chrome on windows (b4adfec92cddfb5775d465045bbd9bf9)] -> xpath: //button[contains(text(),'Log in')]]
2024-06-22 22:06:99 INFO  HomePage :40 - Clicking on register link : [[ChromeDriver: chrome on windows (46a8106885a33a6d589b0a4beb1dadc9)] -> link text: Register]
2024-06-22 22:06:152 INFO  LoginPage :70 - Getting text from : [[ChromeDriver: chrome on windows (46a8106885a33a6d589b0a4beb1dadc9)] -> xpath: //h1[normalize-space()='Register']]
2024-06-22 22:06:530 INFO  HomePage :40 - Clicking on register link : [[ChromeDriver: chrome on windows (1ce36e5326c4849baa66b51dd03916fc)] -> link text: Register]
2024-06-22 22:06:643 INFO  LoginPage :77 - Clicking on register button : [[ChromeDriver: chrome on windows (1ce36e5326c4849baa66b51dd03916fc)] -> id: register-button]
2024-06-22 22:06:655 INFO  LoginPage :88 - Getting text from : [[ChromeDriver: chrome on windows (1ce36e5326c4849baa66b51dd03916fc)] -> id: FirstName-error]
2024-06-22 22:06:682 INFO  LoginPage :93 - Getting text from : [[ChromeDriver: chrome on windows (1ce36e5326c4849baa66b51dd03916fc)] -> id: LastName-error]
2024-06-22 22:06:702 INFO  LoginPage :99 - Getting text from : [[ChromeDriver: chrome on windows (1ce36e5326c4849baa66b51dd03916fc)] -> id: Email-error]
2024-06-22 22:06:723 INFO  LoginPage :111 - Getting text from : [[ChromeDriver: chrome on windows (1ce36e5326c4849baa66b51dd03916fc)] -> id: ConfirmPassword-error]
2024-06-22 22:06:740 INFO  LoginPage :111 - Getting text from : [[ChromeDriver: chrome on windows (1ce36e5326c4849baa66b51dd03916fc)] -> id: ConfirmPassword-error]
2024-06-22 22:06:376 INFO  HomePage :40 - Clicking on register link : [[ChromeDriver: chrome on windows (10e914949b7f81a2d9505f3095c7e762)] -> link text: Register]
2024-06-22 22:06:435 INFO  LoginPage :118 - Clicking on gender tab : [[ChromeDriver: chrome on windows (10e914949b7f81a2d9505f3095c7e762)] -> id: gender]
2024-06-22 22:06:453 INFO  LoginPage :123 - Enter FirstName : [[ChromeDriver: chrome on windows (10e914949b7f81a2d9505f3095c7e762)] -> id: FirstName]
2024-06-22 22:06:547 INFO  LoginPage :129 - Enter LastName : [[ChromeDriver: chrome on windows (10e914949b7f81a2d9505f3095c7e762)] -> id: LastName]
2024-06-22 22:06:638 INFO  LoginPage :134 - Select date[[ChromeDriver: chrome on windows (10e914949b7f81a2d9505f3095c7e762)] -> name: DateOfBirthDay]
2024-06-22 22:06:761 INFO  LoginPage :139 - Select month[[ChromeDriver: chrome on windows (10e914949b7f81a2d9505f3095c7e762)] -> name: DateOfBirthMonth]
2024-06-22 22:06:867 INFO  LoginPage :144 - Select year[[ChromeDriver: chrome on windows (10e914949b7f81a2d9505f3095c7e762)] -> name: DateOfBirthYear]
2024-06-22 22:06:95 INFO  LoginPage :150 - Enter EmailField : [[ChromeDriver: chrome on windows (10e914949b7f81a2d9505f3095c7e762)] -> id: Email]
2024-06-22 22:06:193 INFO  LoginPage :156 - Enter PassWordField : [[ChromeDriver: chrome on windows (10e914949b7f81a2d9505f3095c7e762)] -> id: Password]
2024-06-22 22:06:284 INFO  LoginPage :161 - Enter ConfirmPassWordField : [[ChromeDriver: chrome on windows (10e914949b7f81a2d9505f3095c7e762)] -> id: ConfirmPassword]
2024-06-22 22:06:38 INFO  LoginPage :77 - Clicking on register button : [[ChromeDriver: chrome on windows (10e914949b7f81a2d9505f3095c7e762)] -> id: register-button]
2024-06-22 22:06:70 INFO  LoginPage :165 - Get registration Message : [[ChromeDriver: chrome on windows (10e914949b7f81a2d9505f3095c7e762)] -> xpath: //div[text()='Your registration completed']]
2024-06-24 22:06:193 INFO  HomePage :20 - Get computers text[[ChromeDriver: chrome on windows (a9d7c67ff80fb7f361ac383e6e53a069)] -> link text: Computers]
2024-06-24 22:06:373 INFO  HomePage :25 - Click on desktop[[ChromeDriver: chrome on windows (5c8b84b561f00fbd9b855ea4e05448c5)] -> xpath: //a[text()=' Desktops ']]
2024-06-24 22:06:873 INFO  HomePage :21 - Get desktop text[[ChromeDriver: chrome on windows (5c8b84b561f00fbd9b855ea4e05448c5)] -> link text: Desktops]
2024-06-24 22:06:967 INFO  HomePage :25 - Click on desktop[[ChromeDriver: chrome on windows (20d6ae8439374c0d5008db959bfbc5db)] -> xpath: //a[text()=' Desktops ']]
2024-06-24 22:06:285 INFO  HomePage :27 - Clicking on build your own computer link : [[ChromeDriver: chrome on windows (20d6ae8439374c0d5008db959bfbc5db)] -> link text: Build your own computer]
2024-06-24 22:06:469 INFO  BuildYourOwnComputerPage :41 - Select Processor[[ChromeDriver: chrome on windows (20d6ae8439374c0d5008db959bfbc5db)] -> id: product_attribute_1]
2024-06-24 22:06:580 INFO  BuildYourOwnComputerPage :47 - Select ram[[ChromeDriver: chrome on windows (20d6ae8439374c0d5008db959bfbc5db)] -> id: product_attribute_2]
2024-06-24 22:06:583 INFO  BuildYourOwnComputerPage :63 - Select HDD
2024-06-24 22:06:647 INFO  BuildYourOwnComputerPage :68 - Select OS
2024-06-24 22:06:719 INFO  BuildYourOwnComputerPage :73 - Select Software
2024-06-24 22:06:844 INFO  BuildYourOwnComputerPage :52 - Clicking on add to cart button : [[ChromeDriver: chrome on windows (20d6ae8439374c0d5008db959bfbc5db)] -> id: add-to-cart-button-1]
2024-06-24 22:06:229 INFO  BuildYourOwnComputerPage :57 - Get add to cart text[[ChromeDriver: chrome on windows (20d6ae8439374c0d5008db959bfbc5db)] -> xpath: //body/div[@id='bar-notification']/div[1]/p[1]]
2024-06-24 22:06:216 INFO  HomePage :25 - Click on desktop[[ChromeDriver: chrome on windows (7f8025877f2a1a4eb7864a4f079dfc38)] -> xpath: //a[text()=' Desktops ']]
2024-06-24 22:06:390 INFO  HomePage :27 - Clicking on build your own computer link : [[ChromeDriver: chrome on windows (7f8025877f2a1a4eb7864a4f079dfc38)] -> link text: Build your own computer]
2024-06-24 22:06:484 INFO  BuildYourOwnComputerPage :41 - Select Processor[[ChromeDriver: chrome on windows (7f8025877f2a1a4eb7864a4f079dfc38)] -> id: product_attribute_1]
2024-06-24 22:06:573 INFO  BuildYourOwnComputerPage :47 - Select ram[[ChromeDriver: chrome on windows (7f8025877f2a1a4eb7864a4f079dfc38)] -> id: product_attribute_2]
2024-06-24 22:06:578 INFO  BuildYourOwnComputerPage :63 - Select HDD
2024-06-24 22:06:651 INFO  BuildYourOwnComputerPage :68 - Select OS
2024-06-24 22:06:714 INFO  BuildYourOwnComputerPage :73 - Select Software
2024-06-24 22:06:814 INFO  BuildYourOwnComputerPage :52 - Clicking on add to cart button : [[ChromeDriver: chrome on windows (7f8025877f2a1a4eb7864a4f079dfc38)] -> id: add-to-cart-button-1]
2024-06-24 22:06:137 INFO  BuildYourOwnComputerPage :57 - Get add to cart text[[ChromeDriver: chrome on windows (7f8025877f2a1a4eb7864a4f079dfc38)] -> xpath: //body/div[@id='bar-notification']/div[1]/p[1]]
2024-06-24 22:06:447 INFO  HomePage :25 - Click on desktop[[ChromeDriver: chrome on windows (0741e2fb4ca7fe3303a6d28b76079764)] -> xpath: //a[text()=' Desktops ']]
2024-06-24 22:06:544 INFO  HomePage :27 - Clicking on build your own computer link : [[ChromeDriver: chrome on windows (0741e2fb4ca7fe3303a6d28b76079764)] -> link text: Build your own computer]
2024-06-24 22:06:619 INFO  BuildYourOwnComputerPage :41 - Select Processor[[ChromeDriver: chrome on windows (0741e2fb4ca7fe3303a6d28b76079764)] -> id: product_attribute_1]
2024-06-24 22:06:717 INFO  BuildYourOwnComputerPage :47 - Select ram[[ChromeDriver: chrome on windows (0741e2fb4ca7fe3303a6d28b76079764)] -> id: product_attribute_2]
2024-06-24 22:06:720 INFO  BuildYourOwnComputerPage :63 - Select HDD
2024-06-24 22:06:785 INFO  BuildYourOwnComputerPage :68 - Select OS
2024-06-24 22:06:832 INFO  BuildYourOwnComputerPage :73 - Select Software
2024-06-24 22:06:932 INFO  BuildYourOwnComputerPage :52 - Clicking on add to cart button : [[ChromeDriver: chrome on windows (0741e2fb4ca7fe3303a6d28b76079764)] -> id: add-to-cart-button-1]
2024-06-24 22:06:265 INFO  BuildYourOwnComputerPage :57 - Get add to cart text[[ChromeDriver: chrome on windows (0741e2fb4ca7fe3303a6d28b76079764)] -> xpath: //body/div[@id='bar-notification']/div[1]/p[1]]
2024-06-24 22:06:248 INFO  HomePage :35 - Clicking on login link : [[ChromeDriver: chrome on windows (ce333912aea1f93d427c7073b21e6aad)] -> link text: Log in]
2024-06-24 22:06:282 INFO  LoginPage :43 - Getting text from : [[ChromeDriver: chrome on windows (ce333912aea1f93d427c7073b21e6aad)] -> xpath: //h1[contains(text(),'Welcome, Please Sign In!')]]
2024-06-24 22:06:247 INFO  HomePage :35 - Clicking on login link : [[ChromeDriver: chrome on windows (486cbd71705925cf4d3938001b6b48c4)] -> link text: Log in]
2024-06-24 22:06:364 INFO  LoginPage :49 - Enter EmailField : [[ChromeDriver: chrome on windows (486cbd71705925cf4d3938001b6b48c4)] -> id: Email]
2024-06-24 22:06:446 INFO  LoginPage :54 - Enter PassWordField : [[ChromeDriver: chrome on windows (486cbd71705925cf4d3938001b6b48c4)] -> name: Password]
2024-06-24 22:06:861 INFO  LoginPage :59 - Clicking on login link : [[ChromeDriver: chrome on windows (486cbd71705925cf4d3938001b6b48c4)] -> xpath: //button[contains(text(),'Log in')]]
2024-06-24 22:06:882 INFO  LoginPage :63 - Getting error message from : [[ChromeDriver: chrome on windows (486cbd71705925cf4d3938001b6b48c4)] -> xpath: //div[@class='message-error validation-summary-errors']]
2024-06-24 22:06:496 INFO  HomePage :35 - Clicking on login link : [[ChromeDriver: chrome on windows (799a7f0194a2c235852cef4925fb382d)] -> link text: Log in]
2024-06-24 22:06:594 INFO  LoginPage :49 - Enter EmailField : [[ChromeDriver: chrome on windows (799a7f0194a2c235852cef4925fb382d)] -> id: Email]
2024-06-24 22:06:660 INFO  LoginPage :54 - Enter PassWordField : [[ChromeDriver: chrome on windows (799a7f0194a2c235852cef4925fb382d)] -> name: Password]
2024-06-24 22:06:988 INFO  LoginPage :59 - Clicking on login link : [[ChromeDriver: chrome on windows (799a7f0194a2c235852cef4925fb382d)] -> xpath: //button[contains(text(),'Log in')]]
2024-06-24 22:06:10 INFO  LoginPage :63 - Getting error message from : [[ChromeDriver: chrome on windows (799a7f0194a2c235852cef4925fb382d)] -> xpath: //div[@class='message-error validation-summary-errors']]
2024-06-24 22:06:847 INFO  HomePage :35 - Clicking on login link : [[ChromeDriver: chrome on windows (161ff150cc974571ce39acc09aa1cd69)] -> link text: Log in]
2024-06-24 22:06:944 INFO  LoginPage :49 - Enter EmailField : [[ChromeDriver: chrome on windows (161ff150cc974571ce39acc09aa1cd69)] -> id: Email]
2024-06-24 22:06:26 INFO  LoginPage :54 - Enter PassWordField : [[ChromeDriver: chrome on windows (161ff150cc974571ce39acc09aa1cd69)] -> name: Password]
2024-06-24 22:06:386 INFO  LoginPage :59 - Clicking on login link : [[ChromeDriver: chrome on windows (161ff150cc974571ce39acc09aa1cd69)] -> xpath: //button[contains(text(),'Log in')]]
2024-06-24 22:06:411 INFO  LoginPage :63 - Getting error message from : [[ChromeDriver: chrome on windows (161ff150cc974571ce39acc09aa1cd69)] -> xpath: //div[@class='message-error validation-summary-errors']]
2024-06-24 22:06:12 INFO  HomePage :35 - Clicking on login link : [[ChromeDriver: chrome on windows (8eb680787577c0f17f7374f6c3006b72)] -> link text: Log in]
2024-06-24 22:06:150 INFO  LoginPage :49 - Enter EmailField : [[ChromeDriver: chrome on windows (8eb680787577c0f17f7374f6c3006b72)] -> id: Email]
2024-06-24 22:06:244 INFO  LoginPage :54 - Enter PassWordField : [[ChromeDriver: chrome on windows (8eb680787577c0f17f7374f6c3006b72)] -> name: Password]
2024-06-24 22:06:545 INFO  LoginPage :59 - Clicking on login link : [[ChromeDriver: chrome on windows (8eb680787577c0f17f7374f6c3006b72)] -> xpath: //button[contains(text(),'Log in')]]
2024-06-24 22:06:594 INFO  LoginPage :69 - Getting text from : Proxy element for: DefaultElementLocator 'By.xpath: //a[normalize-space()='Log out']'
2024-06-24 22:06:650 INFO  HomePage :35 - Clicking on login link : [[ChromeDriver: chrome on windows (01ab0355d28d42023e95038bbdb7f403)] -> link text: Log in]
2024-06-24 22:06:783 INFO  LoginPage :49 - Enter EmailField : [[ChromeDriver: chrome on windows (01ab0355d28d42023e95038bbdb7f403)] -> id: Email]
2024-06-24 22:06:887 INFO  LoginPage :54 - Enter PassWordField : [[ChromeDriver: chrome on windows (01ab0355d28d42023e95038bbdb7f403)] -> name: Password]
2024-06-24 22:06:225 INFO  LoginPage :59 - Clicking on login link : [[ChromeDriver: chrome on windows (01ab0355d28d42023e95038bbdb7f403)] -> xpath: //button[contains(text(),'Log in')]]
2024-06-24 22:06:670 INFO  HomePage :40 - Clicking on register link : [[ChromeDriver: chrome on windows (f5468bd28ecb0f6c2ddc7844d92b7e24)] -> link text: Register]
2024-06-24 22:06:708 INFO  LoginPage :70 - Getting text from : [[ChromeDriver: chrome on windows (f5468bd28ecb0f6c2ddc7844d92b7e24)] -> xpath: //h1[normalize-space()='Register']]
2024-06-24 22:06:479 INFO  HomePage :40 - Clicking on register link : [[ChromeDriver: chrome on windows (e4530c1b7f0abe1ccecac542c99918eb)] -> link text: Register]
2024-06-24 22:06:560 INFO  LoginPage :77 - Clicking on register button : [[ChromeDriver: chrome on windows (e4530c1b7f0abe1ccecac542c99918eb)] -> id: register-button]
2024-06-24 22:06:580 INFO  LoginPage :88 - Getting text from : [[ChromeDriver: chrome on windows (e4530c1b7f0abe1ccecac542c99918eb)] -> id: FirstName-error]
2024-06-24 22:06:609 INFO  LoginPage :93 - Getting text from : [[ChromeDriver: chrome on windows (e4530c1b7f0abe1ccecac542c99918eb)] -> id: LastName-error]
2024-06-24 22:06:628 INFO  LoginPage :99 - Getting text from : [[ChromeDriver: chrome on windows (e4530c1b7f0abe1ccecac542c99918eb)] -> id: Email-error]
2024-06-24 22:06:649 INFO  LoginPage :111 - Getting text from : [[ChromeDriver: chrome on windows (e4530c1b7f0abe1ccecac542c99918eb)] -> id: ConfirmPassword-error]
2024-06-24 22:06:667 INFO  LoginPage :111 - Getting text from : [[ChromeDriver: chrome on windows (e4530c1b7f0abe1ccecac542c99918eb)] -> id: ConfirmPassword-error]
2024-06-24 22:06:461 INFO  HomePage :40 - Clicking on register link : [[ChromeDriver: chrome on windows (2a1691e7c9a262a50bc2ef05252dbf18)] -> link text: Register]
2024-06-24 22:06:577 INFO  LoginPage :118 - Clicking on gender tab : [[ChromeDriver: chrome on windows (2a1691e7c9a262a50bc2ef05252dbf18)] -> id: gender]
2024-06-24 22:06:611 INFO  LoginPage :123 - Enter FirstName : [[ChromeDriver: chrome on windows (2a1691e7c9a262a50bc2ef05252dbf18)] -> id: FirstName]
2024-06-24 22:06:718 INFO  LoginPage :129 - Enter LastName : [[ChromeDriver: chrome on windows (2a1691e7c9a262a50bc2ef05252dbf18)] -> id: LastName]
2024-06-24 22:06:805 INFO  LoginPage :134 - Select date[[ChromeDriver: chrome on windows (2a1691e7c9a262a50bc2ef05252dbf18)] -> name: DateOfBirthDay]
2024-06-24 22:06:62 INFO  LoginPage :139 - Select month[[ChromeDriver: chrome on windows (2a1691e7c9a262a50bc2ef05252dbf18)] -> name: DateOfBirthMonth]
2024-06-24 22:06:259 INFO  LoginPage :144 - Select year[[ChromeDriver: chrome on windows (2a1691e7c9a262a50bc2ef05252dbf18)] -> name: DateOfBirthYear]
2024-06-24 22:06:662 INFO  LoginPage :150 - Enter EmailField : [[ChromeDriver: chrome on windows (2a1691e7c9a262a50bc2ef05252dbf18)] -> id: Email]
2024-06-24 22:06:768 INFO  LoginPage :156 - Enter PassWordField : [[ChromeDriver: chrome on windows (2a1691e7c9a262a50bc2ef05252dbf18)] -> id: Password]
2024-06-24 22:06:850 INFO  LoginPage :161 - Enter ConfirmPassWordField : [[ChromeDriver: chrome on windows (2a1691e7c9a262a50bc2ef05252dbf18)] -> id: ConfirmPassword]
2024-06-24 22:06:528 INFO  LoginPage :77 - Clicking on register button : [[ChromeDriver: chrome on windows (2a1691e7c9a262a50bc2ef05252dbf18)] -> id: register-button]
2024-06-24 22:06:543 INFO  LoginPage :165 - Get registration Message : [[ChromeDriver: chrome on windows (2a1691e7c9a262a50bc2ef05252dbf18)] -> xpath: //div[text()='Your registration completed']]
2024-06-24 22:06:840 INFO  HomePage :20 - Get computers text[[ChromeDriver: chrome on windows (c662de12c420bbeded6e3fa5c39f00eb)] -> link text: Computers]
2024-06-24 22:06:710 INFO  HomePage :35 - Clicking on login link : [[ChromeDriver: chrome on windows (229ad8e0f6c281ac59f0fd8ffe139ffd)] -> link text: Log in]
2024-06-24 22:06:750 INFO  LoginPage :43 - Getting text from : [[ChromeDriver: chrome on windows (229ad8e0f6c281ac59f0fd8ffe139ffd)] -> xpath: //h1[contains(text(),'Welcome, Please Sign In!')]]
2024-06-24 22:06:349 INFO  HomePage :40 - Clicking on register link : [[ChromeDriver: chrome on windows (2dcb30b65ed78420e371c18d60f665a2)] -> link text: Register]
2024-06-24 22:06:376 INFO  LoginPage :70 - Getting text from : [[ChromeDriver: chrome on windows (2dcb30b65ed78420e371c18d60f665a2)] -> xpath: //h1[normalize-space()='Register']]
2024-06-25 09:06:808 INFO  HomePage :20 - Get computers text[[ChromeDriver: chrome on windows (a728a4914367422e92d00404284ef259)] -> link text: Computers]
2024-06-25 09:06:65 INFO  HomePage :25 - Click on desktop[[ChromeDriver: chrome on windows (72a52ec08c8c17f7264318356cd1bf31)] -> xpath: //a[text()=' Desktops ']]
2024-06-25 09:06:838 INFO  HomePage :21 - Get desktop text[[ChromeDriver: chrome on windows (72a52ec08c8c17f7264318356cd1bf31)] -> link text: Desktops]
2024-06-25 09:06:769 INFO  HomePage :25 - Click on desktop[[ChromeDriver: chrome on windows (a4edeb11a208dacc0d78d2fe2412c977)] -> xpath: //a[text()=' Desktops ']]
2024-06-25 09:06:961 INFO  HomePage :27 - Clicking on build your own computer link : [[ChromeDriver: chrome on windows (a4edeb11a208dacc0d78d2fe2412c977)] -> link text: Build your own computer]
2024-06-25 09:06:104 INFO  BuildYourOwnComputerPage :41 - Select Processor[[ChromeDriver: chrome on windows (a4edeb11a208dacc0d78d2fe2412c977)] -> id: product_attribute_1]
2024-06-25 09:06:223 INFO  BuildYourOwnComputerPage :47 - Select ram[[ChromeDriver: chrome on windows (a4edeb11a208dacc0d78d2fe2412c977)] -> id: product_attribute_2]
2024-06-25 09:06:226 INFO  BuildYourOwnComputerPage :63 - Select HDD
2024-06-25 09:06:286 INFO  BuildYourOwnComputerPage :68 - Select OS
2024-06-25 09:06:343 INFO  BuildYourOwnComputerPage :73 - Select Software
2024-06-25 09:06:455 INFO  BuildYourOwnComputerPage :52 - Clicking on add to cart button : [[ChromeDriver: chrome on windows (a4edeb11a208dacc0d78d2fe2412c977)] -> id: add-to-cart-button-1]
2024-06-25 09:06:223 INFO  BuildYourOwnComputerPage :57 - Get add to cart text[[ChromeDriver: chrome on windows (a4edeb11a208dacc0d78d2fe2412c977)] -> xpath: //body/div[@id='bar-notification']/div[1]/p[1]]
2024-06-25 09:06:309 INFO  HomePage :25 - Click on desktop[[ChromeDriver: chrome on windows (76d1a376c4985b121176c9bd162c42bd)] -> xpath: //a[text()=' Desktops ']]
2024-06-25 09:06:41 INFO  HomePage :27 - Clicking on build your own computer link : [[ChromeDriver: chrome on windows (76d1a376c4985b121176c9bd162c42bd)] -> link text: Build your own computer]
2024-06-25 09:06:156 INFO  BuildYourOwnComputerPage :41 - Select Processor[[ChromeDriver: chrome on windows (76d1a376c4985b121176c9bd162c42bd)] -> id: product_attribute_1]
2024-06-25 09:06:281 INFO  BuildYourOwnComputerPage :47 - Select ram[[ChromeDriver: chrome on windows (76d1a376c4985b121176c9bd162c42bd)] -> id: product_attribute_2]
2024-06-25 09:06:286 INFO  BuildYourOwnComputerPage :63 - Select HDD
2024-06-25 09:06:357 INFO  BuildYourOwnComputerPage :68 - Select OS
2024-06-25 09:06:425 INFO  BuildYourOwnComputerPage :73 - Select Software
2024-06-25 09:06:563 INFO  BuildYourOwnComputerPage :52 - Clicking on add to cart button : [[ChromeDriver: chrome on windows (76d1a376c4985b121176c9bd162c42bd)] -> id: add-to-cart-button-1]
2024-06-25 09:06:881 INFO  BuildYourOwnComputerPage :57 - Get add to cart text[[ChromeDriver: chrome on windows (76d1a376c4985b121176c9bd162c42bd)] -> xpath: //body/div[@id='bar-notification']/div[1]/p[1]]
2024-06-25 09:06:598 INFO  HomePage :25 - Click on desktop[[ChromeDriver: chrome on windows (96dce9db8c29c0d262c525ce1b6e4c83)] -> xpath: //a[text()=' Desktops ']]
2024-06-25 09:06:996 INFO  HomePage :27 - Clicking on build your own computer link : [[ChromeDriver: chrome on windows (96dce9db8c29c0d262c525ce1b6e4c83)] -> link text: Build your own computer]
2024-06-25 09:06:109 INFO  BuildYourOwnComputerPage :41 - Select Processor[[ChromeDriver: chrome on windows (96dce9db8c29c0d262c525ce1b6e4c83)] -> id: product_attribute_1]
2024-06-25 09:06:208 INFO  BuildYourOwnComputerPage :47 - Select ram[[ChromeDriver: chrome on windows (96dce9db8c29c0d262c525ce1b6e4c83)] -> id: product_attribute_2]
2024-06-25 09:06:211 INFO  BuildYourOwnComputerPage :63 - Select HDD
2024-06-25 09:06:276 INFO  BuildYourOwnComputerPage :68 - Select OS
2024-06-25 09:06:334 INFO  BuildYourOwnComputerPage :73 - Select Software
2024-06-25 09:06:453 INFO  BuildYourOwnComputerPage :52 - Clicking on add to cart button : [[ChromeDriver: chrome on windows (96dce9db8c29c0d262c525ce1b6e4c83)] -> id: add-to-cart-button-1]
2024-06-25 09:06:998 INFO  BuildYourOwnComputerPage :57 - Get add to cart text[[ChromeDriver: chrome on windows (96dce9db8c29c0d262c525ce1b6e4c83)] -> xpath: //body/div[@id='bar-notification']/div[1]/p[1]]
2024-06-25 09:06:639 INFO  HomePage :35 - Clicking on login link : [[ChromeDriver: chrome on windows (23e33b7b0fc11efa92c1aa2303fe2374)] -> link text: Log in]
2024-06-25 09:06:692 INFO  LoginPage :43 - Getting text from : [[ChromeDriver: chrome on windows (23e33b7b0fc11efa92c1aa2303fe2374)] -> xpath: //h1[contains(text(),'Welcome, Please Sign In!')]]
2024-06-25 09:06:830 INFO  HomePage :35 - Clicking on login link : [[ChromeDriver: chrome on windows (4c0d44d1e78692c8e52f12d4cf46821b)] -> link text: Log in]
2024-06-25 09:06:961 INFO  LoginPage :49 - Enter EmailField : [[ChromeDriver: chrome on windows (4c0d44d1e78692c8e52f12d4cf46821b)] -> id: Email]
2024-06-25 09:06:78 INFO  LoginPage :54 - Enter PassWordField : [[ChromeDriver: chrome on windows (4c0d44d1e78692c8e52f12d4cf46821b)] -> name: Password]
2024-06-25 09:06:550 INFO  LoginPage :59 - Clicking on login link : [[ChromeDriver: chrome on windows (4c0d44d1e78692c8e52f12d4cf46821b)] -> xpath: //button[contains(text(),'Log in')]]
2024-06-25 09:06:573 INFO  LoginPage :63 - Getting error message from : [[ChromeDriver: chrome on windows (4c0d44d1e78692c8e52f12d4cf46821b)] -> xpath: //div[@class='message-error validation-summary-errors']]
2024-06-25 09:06:908 INFO  HomePage :35 - Clicking on login link : [[ChromeDriver: chrome on windows (83f81a75ecc8bd7131cb2173d20ab571)] -> link text: Log in]
2024-06-25 09:06:39 INFO  LoginPage :49 - Enter EmailField : [[ChromeDriver: chrome on windows (83f81a75ecc8bd7131cb2173d20ab571)] -> id: Email]
2024-06-25 09:06:117 INFO  LoginPage :54 - Enter PassWordField : [[ChromeDriver: chrome on windows (83f81a75ecc8bd7131cb2173d20ab571)] -> name: Password]
2024-06-25 09:06:982 INFO  LoginPage :59 - Clicking on login link : [[ChromeDriver: chrome on windows (83f81a75ecc8bd7131cb2173d20ab571)] -> xpath: //button[contains(text(),'Log in')]]
2024-06-25 09:06:04 INFO  LoginPage :63 - Getting error message from : [[ChromeDriver: chrome on windows (83f81a75ecc8bd7131cb2173d20ab571)] -> xpath: //div[@class='message-error validation-summary-errors']]
2024-06-25 09:06:440 INFO  HomePage :35 - Clicking on login link : [[ChromeDriver: chrome on windows (d7684f030d07447dbd97fa07cb5dec50)] -> link text: Log in]
2024-06-25 09:06:577 INFO  LoginPage :49 - Enter EmailField : [[ChromeDriver: chrome on windows (d7684f030d07447dbd97fa07cb5dec50)] -> id: Email]
2024-06-25 09:06:671 INFO  LoginPage :54 - Enter PassWordField : [[ChromeDriver: chrome on windows (d7684f030d07447dbd97fa07cb5dec50)] -> name: Password]
2024-06-25 09:06:116 INFO  LoginPage :59 - Clicking on login link : [[ChromeDriver: chrome on windows (d7684f030d07447dbd97fa07cb5dec50)] -> xpath: //button[contains(text(),'Log in')]]
2024-06-25 09:06:135 INFO  LoginPage :63 - Getting error message from : [[ChromeDriver: chrome on windows (d7684f030d07447dbd97fa07cb5dec50)] -> xpath: //div[@class='message-error validation-summary-errors']]
2024-06-25 09:06:930 INFO  HomePage :20 - Get computers text[[ChromeDriver: chrome on windows (3589e2138682bf6a870fcdf3fd3cf2be)] -> link text: Computers]
2024-06-25 09:06:862 INFO  HomePage :35 - Clicking on login link : [[ChromeDriver: chrome on windows (463ccdf13930554cb09f42ff71e283fd)] -> link text: Log in]
2024-06-25 09:06:929 INFO  LoginPage :43 - Getting text from : [[ChromeDriver: chrome on windows (463ccdf13930554cb09f42ff71e283fd)] -> xpath: //h1[contains(text(),'Welcome, Please Sign In!')]]
2024-06-25 09:06:82 INFO  HomePage :35 - Clicking on login link : [[ChromeDriver: chrome on windows (7bac7a85a08086dd34ba229ea6b0c4bc)] -> link text: Log in]
2024-06-25 09:06:285 INFO  LoginPage :49 - Enter EmailField : [[ChromeDriver: chrome on windows (7bac7a85a08086dd34ba229ea6b0c4bc)] -> id: Email]
2024-06-25 09:06:453 INFO  LoginPage :54 - Enter PassWordField : [[ChromeDriver: chrome on windows (7bac7a85a08086dd34ba229ea6b0c4bc)] -> name: Password]
2024-06-25 09:06:982 INFO  LoginPage :59 - Clicking on login link : [[ChromeDriver: chrome on windows (7bac7a85a08086dd34ba229ea6b0c4bc)] -> xpath: //button[contains(text(),'Log in')]]
2024-06-25 09:06:204 INFO  HomePage :40 - Clicking on register link : [[ChromeDriver: chrome on windows (65cf7f3220ee9ca1ac7ad088374b03ca)] -> link text: Register]
2024-06-25 09:06:242 INFO  LoginPage :70 - Getting text from : [[ChromeDriver: chrome on windows (65cf7f3220ee9ca1ac7ad088374b03ca)] -> xpath: //h1[normalize-space()='Register']]
2024-06-25 09:06:29 INFO  LoginPage :69 - Getting text from : Proxy element for: DefaultElementLocator 'By.xpath: //a[normalize-space()='Log out']'
2024-06-25 09:06:478 INFO  HomePage :35 - Clicking on login link : [[ChromeDriver: chrome on windows (b1aca6de1ee7418e073299138ef11bce)] -> link text: Log in]
2024-06-25 09:06:609 INFO  LoginPage :49 - Enter EmailField : [[ChromeDriver: chrome on windows (b1aca6de1ee7418e073299138ef11bce)] -> id: Email]
2024-06-25 09:06:696 INFO  LoginPage :54 - Enter PassWordField : [[ChromeDriver: chrome on windows (b1aca6de1ee7418e073299138ef11bce)] -> name: Password]
2024-06-25 09:06:106 INFO  LoginPage :59 - Clicking on login link : [[ChromeDriver: chrome on windows (b1aca6de1ee7418e073299138ef11bce)] -> xpath: //button[contains(text(),'Log in')]]
2024-06-25 09:06:740 INFO  HomePage :40 - Clicking on register link : [[ChromeDriver: chrome on windows (114000aec72d538d3fe2a2f71bd2ca9c)] -> link text: Register]
2024-06-25 09:06:832 INFO  LoginPage :70 - Getting text from : [[ChromeDriver: chrome on windows (114000aec72d538d3fe2a2f71bd2ca9c)] -> xpath: //h1[normalize-space()='Register']]
2024-06-25 09:06:230 INFO  HomePage :40 - Clicking on register link : [[ChromeDriver: chrome on windows (f891e8a8382642ac2aa2dde71f3f3114)] -> link text: Register]
2024-06-25 09:06:320 INFO  LoginPage :77 - Clicking on register button : [[ChromeDriver: chrome on windows (f891e8a8382642ac2aa2dde71f3f3114)] -> id: register-button]
2024-06-25 09:06:336 INFO  LoginPage :88 - Getting text from : [[ChromeDriver: chrome on windows (f891e8a8382642ac2aa2dde71f3f3114)] -> id: FirstName-error]
2024-06-25 09:06:368 INFO  LoginPage :93 - Getting text from : [[ChromeDriver: chrome on windows (f891e8a8382642ac2aa2dde71f3f3114)] -> id: LastName-error]
2024-06-25 09:06:392 INFO  LoginPage :99 - Getting text from : [[ChromeDriver: chrome on windows (f891e8a8382642ac2aa2dde71f3f3114)] -> id: Email-error]
2024-06-25 09:06:421 INFO  LoginPage :111 - Getting text from : [[ChromeDriver: chrome on windows (f891e8a8382642ac2aa2dde71f3f3114)] -> id: ConfirmPassword-error]
2024-06-25 09:06:445 INFO  LoginPage :111 - Getting text from : [[ChromeDriver: chrome on windows (f891e8a8382642ac2aa2dde71f3f3114)] -> id: ConfirmPassword-error]
2024-06-25 09:06:334 INFO  HomePage :40 - Clicking on register link : [[ChromeDriver: chrome on windows (ef8f8874056e56c32876629f872d03b4)] -> link text: Register]
2024-06-25 09:06:457 INFO  LoginPage :118 - Clicking on gender tab : [[ChromeDriver: chrome on windows (ef8f8874056e56c32876629f872d03b4)] -> id: gender]
2024-06-25 09:06:476 INFO  LoginPage :123 - Enter FirstName : [[ChromeDriver: chrome on windows (ef8f8874056e56c32876629f872d03b4)] -> id: FirstName]
2024-06-25 09:06:579 INFO  LoginPage :129 - Enter LastName : [[ChromeDriver: chrome on windows (ef8f8874056e56c32876629f872d03b4)] -> id: LastName]
2024-06-25 09:06:658 INFO  LoginPage :134 - Select date[[ChromeDriver: chrome on windows (ef8f8874056e56c32876629f872d03b4)] -> name: DateOfBirthDay]
2024-06-25 09:06:790 INFO  LoginPage :139 - Select month[[ChromeDriver: chrome on windows (ef8f8874056e56c32876629f872d03b4)] -> name: DateOfBirthMonth]
2024-06-25 09:06:919 INFO  LoginPage :144 - Select year[[ChromeDriver: chrome on windows (ef8f8874056e56c32876629f872d03b4)] -> name: DateOfBirthYear]
2024-06-25 09:06:152 INFO  LoginPage :150 - Enter EmailField : [[ChromeDriver: chrome on windows (ef8f8874056e56c32876629f872d03b4)] -> id: Email]
2024-06-25 09:06:247 INFO  LoginPage :156 - Enter PassWordField : [[ChromeDriver: chrome on windows (ef8f8874056e56c32876629f872d03b4)] -> id: Password]
2024-06-25 09:06:341 INFO  LoginPage :161 - Enter ConfirmPassWordField : [[ChromeDriver: chrome on windows (ef8f8874056e56c32876629f872d03b4)] -> id: ConfirmPassword]
2024-06-25 09:06:566 INFO  LoginPage :77 - Clicking on register button : [[ChromeDriver: chrome on windows (ef8f8874056e56c32876629f872d03b4)] -> id: register-button]
2024-06-25 09:06:585 INFO  LoginPage :165 - Get registration Message : [[ChromeDriver: chrome on windows (ef8f8874056e56c32876629f872d03b4)] -> xpath: //div[text()='Your registration completed']]
